This file contains any messages produced by compilers while
running configure, to aid debugging if configure makes a mistake.

It was created by csoap configure 1.1.0, which was
generated by GNU Autoconf 2.59e.  Invocation command line was

  $ ./configure --prefix=/home2/lm/sam/secu/lib

## --------- ##
## Platform. ##
## --------- ##

hostname = tsbofid
uname -m = i686
uname -r = 2.4.21-40.ELsmp
uname -s = Linux
uname -v = #1 SMP Thu Feb 2 22:22:39 EST 2006

/usr/bin/uname -p = unknown
/bin/uname -X     = unknown

/bin/arch              = i686
/usr/bin/arch -k       = unknown
/usr/convex/getsysinfo = unknown
/usr/bin/hostinfo      = unknown
/bin/machine           = unknown
/usr/bin/oslevel       = unknown
/bin/universe          = unknown

PATH: /home2/lm/sam/secu/lib/bin
PATH: .
PATH: /home1/ingres/bin
PATH: /home1/ingres/utility
PATH: /home2/lm
PATH: /home2/lm/bin
PATH: /home2/system/util/outils/bin
PATH: .
PATH: /home1/ingres/bin
PATH: /home1/ingres/utility
PATH: /home2/lm
PATH: /home2/lm/bin
PATH: /home2/system/util/outils/bin
PATH: /usr/kerberos/bin
PATH: /usr/local/bin
PATH: /bin
PATH: /usr/bin
PATH: /usr/X11R6/bin
PATH: /home2/lm/sam/soapadeo/bin
PATH: /home2/lm/sam/soapadeo/bin


## ----------- ##
## Core tests. ##
## ----------- ##

configure:1982: checking for a BSD-compatible install
configure:2038: result: /usr/bin/install -c
configure:2049: checking whether build environment is sane
configure:2092: result: yes
configure:2157: checking for gawk
configure:2173: found /bin/gawk
configure:2184: result: gawk
configure:2195: checking whether make sets $(MAKE)
configure:2216: result: yes
configure:2458: checking for gcc
configure:2485: result: gcc
configure:2723: checking for C compiler version
configure:2730: gcc --version >&5
gcc (GCC) 3.2.3 20030502 (Red Hat Linux 3.2.3-54)
Copyright (C) 2002 Free Software Foundation, Inc.
This is free software; see the source for copying conditions.  There is NO
warranty; not even for MERCHANTABILITY or FITNESS FOR A PARTICULAR PURPOSE.

configure:2733: $? = 0
configure:2740: gcc -v >&5
Reading specs from /usr/lib/gcc-lib/i386-redhat-linux/3.2.3/specs
Configured with: ../configure --prefix=/usr --mandir=/usr/share/man --infodir=/usr/share/info --enable-shared --enable-threads=posix --disable-checking --with-system-zlib --enable-__cxa_atexit --host=i386-redhat-linux
Thread model: posix
gcc version 3.2.3 20030502 (Red Hat Linux 3.2.3-54)
configure:2743: $? = 0
configure:2750: gcc -V >&5
gcc: argument to `-V' is missing
configure:2753: $? = 1
configure:2776: checking for C compiler default output file name
configure:2803: gcc -fsigned-char -fno-strength-reduce -fwritable-strings -D_REENTRANT -DLINUX -D_GNU_SOURCE -DXLIB_ILLEGAL_ACCESS -DFONCTIONS2 -Wall -Wfloat-equal -Wwrite-strings -Wno-missing-braces -Wno-parentheses -Wno-unused -Wno-implicit-function-declaration -Wno-return-type -Wno-format -ggdb -D__USE_BSD -g3 -DPTHREADS -D_REENTRANT -D__gnu_linux__ -D__i386__   conftest.c  >&5
configure:2806: $? = 0
configure:2852: result: a.out
configure:2857: checking whether the C compiler works
configure:2867: ./a.out
configure:2870: $? = 0
configure:2887: result: yes
configure:2894: checking whether we are cross compiling
configure:2896: result: no
configure:2899: checking for suffix of executables
configure:2906: gcc -o conftest -fsigned-char -fno-strength-reduce -fwritable-strings -D_REENTRANT -DLINUX -D_GNU_SOURCE -DXLIB_ILLEGAL_ACCESS -DFONCTIONS2 -Wall -Wfloat-equal -Wwrite-strings -Wno-missing-braces -Wno-parentheses -Wno-unused -Wno-implicit-function-declaration -Wno-return-type -Wno-format -ggdb -D__USE_BSD -g3 -DPTHREADS -D_REENTRANT -D__gnu_linux__ -D__i386__   conftest.c  >&5
configure:2909: $? = 0
configure:2933: result: 
configure:2939: checking for suffix of object files
configure:2965: gcc -c -fsigned-char -fno-strength-reduce -fwritable-strings -D_REENTRANT -DLINUX -D_GNU_SOURCE -DXLIB_ILLEGAL_ACCESS -DFONCTIONS2 -Wall -Wfloat-equal -Wwrite-strings -Wno-missing-braces -Wno-parentheses -Wno-unused -Wno-implicit-function-declaration -Wno-return-type -Wno-format -ggdb -D__USE_BSD -g3 -DPTHREADS -D_REENTRANT -D__gnu_linux__ -D__i386__  conftest.c >&5
configure:2968: $? = 0
configure:2991: result: o
configure:2995: checking whether we are using the GNU C compiler
configure:3024: gcc -c -fsigned-char -fno-strength-reduce -fwritable-strings -D_REENTRANT -DLINUX -D_GNU_SOURCE -DXLIB_ILLEGAL_ACCESS -DFONCTIONS2 -Wall -Wfloat-equal -Wwrite-strings -Wno-missing-braces -Wno-parentheses -Wno-unused -Wno-implicit-function-declaration -Wno-return-type -Wno-format -ggdb -D__USE_BSD -g3 -DPTHREADS -D_REENTRANT -D__gnu_linux__ -D__i386__  conftest.c >&5
configure:3030: $? = 0
configure:3037: test -z "$ac_c_werror_flag" || test ! -s conftest.err
configure:3040: $? = 0
configure:3047: test -s conftest.o
configure:3050: $? = 0
configure:3064: result: yes
configure:3069: checking whether gcc accepts -g
configure:3099: gcc -c -g  conftest.c >&5
configure:3105: $? = 0
configure:3112: test -z "$ac_c_werror_flag" || test ! -s conftest.err
configure:3115: $? = 0
configure:3122: test -s conftest.o
configure:3125: $? = 0
configure:3255: result: yes
configure:3272: checking for gcc option to accept ISO C89
configure:3341: gcc  -c -fsigned-char -fno-strength-reduce -fwritable-strings -D_REENTRANT -DLINUX -D_GNU_SOURCE -DXLIB_ILLEGAL_ACCESS -DFONCTIONS2 -Wall -Wfloat-equal -Wwrite-strings -Wno-missing-braces -Wno-parentheses -Wno-unused -Wno-implicit-function-declaration -Wno-return-type -Wno-format -ggdb -D__USE_BSD -g3 -DPTHREADS -D_REENTRANT -D__gnu_linux__ -D__i386__  conftest.c >&5
configure:3347: $? = 0
configure:3354: test -z "$ac_c_werror_flag" || test ! -s conftest.err
configure:3357: $? = 0
configure:3364: test -s conftest.o
configure:3367: $? = 0
configure:3387: result: none needed
configure:3416: checking for style of include used by make
configure:3444: result: GNU
configure:3472: checking dependency style of gcc
configure:3562: result: gcc3
configure:3583: checking for gawk
configure:3610: result: gawk
configure:3634: checking for a BSD-compatible install
configure:3690: result: /usr/bin/install -c
configure:3779: checking build system type
configure:3797: result: i686-pc-linux-gnu
configure:3819: checking host system type
configure:3834: result: i686-pc-linux-gnu
configure:3856: checking for a sed that does not truncate output
configure:3910: result: /bin/sed
configure:3913: checking for grep that handles long lines and -e
configure:3987: result: /bin/grep
configure:3992: checking for egrep
configure:4070: result: /bin/grep -E
configure:4086: checking for ld used by gcc
configure:4153: result: /usr/bin/ld
configure:4162: checking if the linker (/usr/bin/ld) is GNU ld
configure:4177: result: yes
configure:4182: checking for /usr/bin/ld option to reload object files
configure:4189: result: -r
configure:4207: checking for BSD-compatible nm
configure:4256: result: /usr/bin/nm -B
configure:4260: checking whether ln -s works
configure:4264: result: yes
configure:4271: checking how to recognise dependent libraries
configure:4447: result: pass_all
configure:4697: checking how to run the C preprocessor
configure:4737: gcc -E  conftest.c
configure:4743: $? = 0
configure:4781: gcc -E  conftest.c
conftest.c:10:28: ac_nonexistent.h: No such file or directory
configure:4787: $? = 1
configure: failed program was:
| /* confdefs.h.  */
| #define PACKAGE_NAME "csoap"
| #define PACKAGE_TARNAME "csoap"
| #define PACKAGE_VERSION "1.1.0"
| #define PACKAGE_STRING "csoap 1.1.0"
| #define PACKAGE_BUGREPORT ""
| #define PACKAGE "csoap"
| #define VERSION "1.1.0"
| /* end confdefs.h.  */
| #include <ac_nonexistent.h>
configure:4827: result: gcc -E
configure:4856: gcc -E  conftest.c
configure:4862: $? = 0
configure:4900: gcc -E  conftest.c
conftest.c:10:28: ac_nonexistent.h: No such file or directory
configure:4906: $? = 1
configure: failed program was:
| /* confdefs.h.  */
| #define PACKAGE_NAME "csoap"
| #define PACKAGE_TARNAME "csoap"
| #define PACKAGE_VERSION "1.1.0"
| #define PACKAGE_STRING "csoap 1.1.0"
| #define PACKAGE_BUGREPORT ""
| #define PACKAGE "csoap"
| #define VERSION "1.1.0"
| /* end confdefs.h.  */
| #include <ac_nonexistent.h>
configure:4951: checking for ANSI C header files
configure:4981: gcc -c -fsigned-char -fno-strength-reduce -fwritable-strings -D_REENTRANT -DLINUX -D_GNU_SOURCE -DXLIB_ILLEGAL_ACCESS -DFONCTIONS2 -Wall -Wfloat-equal -Wwrite-strings -Wno-missing-braces -Wno-parentheses -Wno-unused -Wno-implicit-function-declaration -Wno-return-type -Wno-format -ggdb -D__USE_BSD -g3 -DPTHREADS -D_REENTRANT -D__gnu_linux__ -D__i386__  conftest.c >&5
configure:4987: $? = 0
configure:4994: test -z "$ac_c_werror_flag" || test ! -s conftest.err
configure:4997: $? = 0
configure:5004: test -s conftest.o
configure:5007: $? = 0
configure:5100: gcc -o conftest -fsigned-char -fno-strength-reduce -fwritable-strings -D_REENTRANT -DLINUX -D_GNU_SOURCE -DXLIB_ILLEGAL_ACCESS -DFONCTIONS2 -Wall -Wfloat-equal -Wwrite-strings -Wno-missing-braces -Wno-parentheses -Wno-unused -Wno-implicit-function-declaration -Wno-return-type -Wno-format -ggdb -D__USE_BSD -g3 -DPTHREADS -D_REENTRANT -D__gnu_linux__ -D__i386__   conftest.c  >&5
configure:5103: $? = 0
configure:5109: ./conftest
configure:5112: $? = 0
configure:5129: result: yes
configure:5153: checking for sys/types.h
configure:5174: gcc -c -fsigned-char -fno-strength-reduce -fwritable-strings -D_REENTRANT -DLINUX -D_GNU_SOURCE -DXLIB_ILLEGAL_ACCESS -DFONCTIONS2 -Wall -Wfloat-equal -Wwrite-strings -Wno-missing-braces -Wno-parentheses -Wno-unused -Wno-implicit-function-declaration -Wno-return-type -Wno-format -ggdb -D__USE_BSD -g3 -DPTHREADS -D_REENTRANT -D__gnu_linux__ -D__i386__  conftest.c >&5
configure:5180: $? = 0
configure:5187: test -z "$ac_c_werror_flag" || test ! -s conftest.err
configure:5190: $? = 0
configure:5197: test -s conftest.o
configure:5200: $? = 0
configure:5213: result: yes
configure:5153: checking for sys/stat.h
configure:5174: gcc -c -fsigned-char -fno-strength-reduce -fwritable-strings -D_REENTRANT -DLINUX -D_GNU_SOURCE -DXLIB_ILLEGAL_ACCESS -DFONCTIONS2 -Wall -Wfloat-equal -Wwrite-strings -Wno-missing-braces -Wno-parentheses -Wno-unused -Wno-implicit-function-declaration -Wno-return-type -Wno-format -ggdb -D__USE_BSD -g3 -DPTHREADS -D_REENTRANT -D__gnu_linux__ -D__i386__  conftest.c >&5
configure:5180: $? = 0
configure:5187: test -z "$ac_c_werror_flag" || test ! -s conftest.err
configure:5190: $? = 0
configure:5197: test -s conftest.o
configure:5200: $? = 0
configure:5213: result: yes
configure:5153: checking for stdlib.h
configure:5174: gcc -c -fsigned-char -fno-strength-reduce -fwritable-strings -D_REENTRANT -DLINUX -D_GNU_SOURCE -DXLIB_ILLEGAL_ACCESS -DFONCTIONS2 -Wall -Wfloat-equal -Wwrite-strings -Wno-missing-braces -Wno-parentheses -Wno-unused -Wno-implicit-function-declaration -Wno-return-type -Wno-format -ggdb -D__USE_BSD -g3 -DPTHREADS -D_REENTRANT -D__gnu_linux__ -D__i386__  conftest.c >&5
configure:5180: $? = 0
configure:5187: test -z "$ac_c_werror_flag" || test ! -s conftest.err
configure:5190: $? = 0
configure:5197: test -s conftest.o
configure:5200: $? = 0
configure:5213: result: yes
configure:5153: checking for string.h
configure:5174: gcc -c -fsigned-char -fno-strength-reduce -fwritable-strings -D_REENTRANT -DLINUX -D_GNU_SOURCE -DXLIB_ILLEGAL_ACCESS -DFONCTIONS2 -Wall -Wfloat-equal -Wwrite-strings -Wno-missing-braces -Wno-parentheses -Wno-unused -Wno-implicit-function-declaration -Wno-return-type -Wno-format -ggdb -D__USE_BSD -g3 -DPTHREADS -D_REENTRANT -D__gnu_linux__ -D__i386__  conftest.c >&5
configure:5180: $? = 0
configure:5187: test -z "$ac_c_werror_flag" || test ! -s conftest.err
configure:5190: $? = 0
configure:5197: test -s conftest.o
configure:5200: $? = 0
configure:5213: result: yes
configure:5153: checking for memory.h
configure:5174: gcc -c -fsigned-char -fno-strength-reduce -fwritable-strings -D_REENTRANT -DLINUX -D_GNU_SOURCE -DXLIB_ILLEGAL_ACCESS -DFONCTIONS2 -Wall -Wfloat-equal -Wwrite-strings -Wno-missing-braces -Wno-parentheses -Wno-unused -Wno-implicit-function-declaration -Wno-return-type -Wno-format -ggdb -D__USE_BSD -g3 -DPTHREADS -D_REENTRANT -D__gnu_linux__ -D__i386__  conftest.c >&5
configure:5180: $? = 0
configure:5187: test -z "$ac_c_werror_flag" || test ! -s conftest.err
configure:5190: $? = 0
configure:5197: test -s conftest.o
configure:5200: $? = 0
configure:5213: result: yes
configure:5153: checking for strings.h
configure:5174: gcc -c -fsigned-char -fno-strength-reduce -fwritable-strings -D_REENTRANT -DLINUX -D_GNU_SOURCE -DXLIB_ILLEGAL_ACCESS -DFONCTIONS2 -Wall -Wfloat-equal -Wwrite-strings -Wno-missing-braces -Wno-parentheses -Wno-unused -Wno-implicit-function-declaration -Wno-return-type -Wno-format -ggdb -D__USE_BSD -g3 -DPTHREADS -D_REENTRANT -D__gnu_linux__ -D__i386__  conftest.c >&5
configure:5180: $? = 0
configure:5187: test -z "$ac_c_werror_flag" || test ! -s conftest.err
configure:5190: $? = 0
configure:5197: test -s conftest.o
configure:5200: $? = 0
configure:5213: result: yes
configure:5153: checking for inttypes.h
configure:5174: gcc -c -fsigned-char -fno-strength-reduce -fwritable-strings -D_REENTRANT -DLINUX -D_GNU_SOURCE -DXLIB_ILLEGAL_ACCESS -DFONCTIONS2 -Wall -Wfloat-equal -Wwrite-strings -Wno-missing-braces -Wno-parentheses -Wno-unused -Wno-implicit-function-declaration -Wno-return-type -Wno-format -ggdb -D__USE_BSD -g3 -DPTHREADS -D_REENTRANT -D__gnu_linux__ -D__i386__  conftest.c >&5
configure:5180: $? = 0
configure:5187: test -z "$ac_c_werror_flag" || test ! -s conftest.err
configure:5190: $? = 0
configure:5197: test -s conftest.o
configure:5200: $? = 0
configure:5213: result: yes
configure:5153: checking for stdint.h
configure:5174: gcc -c -fsigned-char -fno-strength-reduce -fwritable-strings -D_REENTRANT -DLINUX -D_GNU_SOURCE -DXLIB_ILLEGAL_ACCESS -DFONCTIONS2 -Wall -Wfloat-equal -Wwrite-strings -Wno-missing-braces -Wno-parentheses -Wno-unused -Wno-implicit-function-declaration -Wno-return-type -Wno-format -ggdb -D__USE_BSD -g3 -DPTHREADS -D_REENTRANT -D__gnu_linux__ -D__i386__  conftest.c >&5
configure:5180: $? = 0
configure:5187: test -z "$ac_c_werror_flag" || test ! -s conftest.err
configure:5190: $? = 0
configure:5197: test -s conftest.o
configure:5200: $? = 0
configure:5213: result: yes
configure:5153: checking for unistd.h
configure:5174: gcc -c -fsigned-char -fno-strength-reduce -fwritable-strings -D_REENTRANT -DLINUX -D_GNU_SOURCE -DXLIB_ILLEGAL_ACCESS -DFONCTIONS2 -Wall -Wfloat-equal -Wwrite-strings -Wno-missing-braces -Wno-parentheses -Wno-unused -Wno-implicit-function-declaration -Wno-return-type -Wno-format -ggdb -D__USE_BSD -g3 -DPTHREADS -D_REENTRANT -D__gnu_linux__ -D__i386__  conftest.c >&5
configure:5180: $? = 0
configure:5187: test -z "$ac_c_werror_flag" || test ! -s conftest.err
configure:5190: $? = 0
configure:5197: test -s conftest.o
configure:5200: $? = 0
configure:5213: result: yes
configure:5240: checking dlfcn.h usability
configure:5257: gcc -c -fsigned-char -fno-strength-reduce -fwritable-strings -D_REENTRANT -DLINUX -D_GNU_SOURCE -DXLIB_ILLEGAL_ACCESS -DFONCTIONS2 -Wall -Wfloat-equal -Wwrite-strings -Wno-missing-braces -Wno-parentheses -Wno-unused -Wno-implicit-function-declaration -Wno-return-type -Wno-format -ggdb -D__USE_BSD -g3 -DPTHREADS -D_REENTRANT -D__gnu_linux__ -D__i386__  conftest.c >&5
configure:5263: $? = 0
configure:5270: test -z "$ac_c_werror_flag" || test ! -s conftest.err
configure:5273: $? = 0
configure:5280: test -s conftest.o
configure:5283: $? = 0
configure:5294: result: yes
configure:5298: checking dlfcn.h presence
configure:5313: gcc -E  conftest.c
configure:5319: $? = 0
configure:5340: result: yes
configure:5368: checking for dlfcn.h
configure:5376: result: yes
configure:5447: checking for g++
configure:5463: found /usr/bin/g++
configure:5474: result: g++
configure:5505: checking for C++ compiler version
configure:5512: g++ --version >&5
g++ (GCC) 3.2.3 20030502 (Red Hat Linux 3.2.3-54)
Copyright (C) 2002 Free Software Foundation, Inc.
This is free software; see the source for copying conditions.  There is NO
warranty; not even for MERCHANTABILITY or FITNESS FOR A PARTICULAR PURPOSE.

configure:5515: $? = 0
configure:5522: g++ -v >&5
Reading specs from /usr/lib/gcc-lib/i386-redhat-linux/3.2.3/specs
Configured with: ../configure --prefix=/usr --mandir=/usr/share/man --infodir=/usr/share/info --enable-shared --enable-threads=posix --disable-checking --with-system-zlib --enable-__cxa_atexit --host=i386-redhat-linux
Thread model: posix
gcc version 3.2.3 20030502 (Red Hat Linux 3.2.3-54)
configure:5525: $? = 0
configure:5532: g++ -V >&5
g++: argument to `-V' missing

configure:5535: $? = 1
configure:5538: checking whether we are using the GNU C++ compiler
configure:5567: g++ -c   conftest.cpp >&5
configure:5573: $? = 0
configure:5580: test -z "$ac_cxx_werror_flag" || test ! -s conftest.err
configure:5583: $? = 0
configure:5590: test -s conftest.o
configure:5593: $? = 0
configure:5607: result: yes
configure:5612: checking whether g++ accepts -g
configure:5642: g++ -c -g  conftest.cpp >&5
configure:5648: $? = 0
configure:5655: test -z "$ac_cxx_werror_flag" || test ! -s conftest.err
configure:5658: $? = 0
configure:5665: test -s conftest.o
configure:5668: $? = 0
configure:5798: result: yes
configure:5823: checking dependency style of g++
configure:5913: result: gcc3
configure:5940: checking how to run the C++ preprocessor
configure:5976: g++ -E  conftest.cpp
configure:5982: $? = 0
configure:6020: g++ -E  conftest.cpp
conftest.cpp:21:28: ac_nonexistent.h: No such file or directory
configure:6026: $? = 1
configure: failed program was:
| /* confdefs.h.  */
| #define PACKAGE_NAME "csoap"
| #define PACKAGE_TARNAME "csoap"
| #define PACKAGE_VERSION "1.1.0"
| #define PACKAGE_STRING "csoap 1.1.0"
| #define PACKAGE_BUGREPORT ""
| #define PACKAGE "csoap"
| #define VERSION "1.1.0"
| #define STDC_HEADERS 1
| #define HAVE_SYS_TYPES_H 1
| #define HAVE_SYS_STAT_H 1
| #define HAVE_STDLIB_H 1
| #define HAVE_STRING_H 1
| #define HAVE_MEMORY_H 1
| #define HAVE_STRINGS_H 1
| #define HAVE_INTTYPES_H 1
| #define HAVE_STDINT_H 1
| #define HAVE_UNISTD_H 1
| #define HAVE_DLFCN_H 1
| /* end confdefs.h.  */
| #include <ac_nonexistent.h>
configure:6066: result: g++ -E
configure:6095: g++ -E  conftest.cpp
configure:6101: $? = 0
configure:6139: g++ -E  conftest.cpp
conftest.cpp:21:28: ac_nonexistent.h: No such file or directory
configure:6145: $? = 1
configure: failed program was:
| /* confdefs.h.  */
| #define PACKAGE_NAME "csoap"
| #define PACKAGE_TARNAME "csoap"
| #define PACKAGE_VERSION "1.1.0"
| #define PACKAGE_STRING "csoap 1.1.0"
| #define PACKAGE_BUGREPORT ""
| #define PACKAGE "csoap"
| #define VERSION "1.1.0"
| #define STDC_HEADERS 1
| #define HAVE_SYS_TYPES_H 1
| #define HAVE_SYS_STAT_H 1
| #define HAVE_STDLIB_H 1
| #define HAVE_STRING_H 1
| #define HAVE_MEMORY_H 1
| #define HAVE_STRINGS_H 1
| #define HAVE_INTTYPES_H 1
| #define HAVE_STDINT_H 1
| #define HAVE_UNISTD_H 1
| #define HAVE_DLFCN_H 1
| /* end confdefs.h.  */
| #include <ac_nonexistent.h>
configure:6245: checking for g77
configure:6275: result: no
configure:6245: checking for f77
configure:6275: result: no
configure:6245: checking for xlf
configure:6275: result: no
configure:6245: checking for frt
configure:6275: result: no
configure:6245: checking for pgf77
configure:6275: result: no
configure:6245: checking for cf77
configure:6275: result: no
configure:6245: checking for fort77
configure:6275: result: no
configure:6245: checking for fl32
configure:6275: result: no
configure:6245: checking for af77
configure:6275: result: no
configure:6245: checking for f90
configure:6275: result: no
configure:6245: checking for xlf90
configure:6275: result: no
configure:6245: checking for pgf90
configure:6275: result: no
configure:6245: checking for pghpf
configure:6275: result: no
configure:6245: checking for epcf90
configure:6275: result: no
configure:6245: checking for gfortran
configure:6275: result: no
configure:6245: checking for g95
configure:6275: result: no
configure:6245: checking for f95
configure:6275: result: no
configure:6245: checking for fort
configure:6275: result: no
configure:6245: checking for xlf95
configure:6275: result: no
configure:6245: checking for ifort
configure:6275: result: no
configure:6245: checking for ifc
configure:6275: result: no
configure:6245: checking for efc
configure:6275: result: no
configure:6245: checking for pgf95
configure:6275: result: no
configure:6245: checking for lf95
configure:6275: result: no
configure:6245: checking for ftn
configure:6275: result: no
configure:6302: checking for Fortran 77 compiler version
configure:6309:  --version >&5
./configure: line 1: --version: command not found
configure:6312: $? = 127
configure:6319:  -v >&5
./configure: line 1: -v: command not found
configure:6322: $? = 127
configure:6329:  -V >&5
./configure: line 1: -V: command not found
configure:6332: $? = 127
configure:6340: checking whether we are using the GNU Fortran 77 compiler
configure:6359:  -c  conftest.F >&5
./configure: line 1: -c: command not found
configure:6365: $? = 127
configure: failed program was:
|       program main
| #ifndef __GNUC__
|        choke me
| #endif
| 
|       end
configure:6399: result: no
configure:6405: checking whether  accepts -g
configure:6422:  -c -g conftest.f >&5
./configure: line 1: -c: command not found
configure:6428: $? = 127
configure: failed program was:
|       program main
| 
|       end
configure:6461: result: no
configure:6491: checking the maximum length of command line arguments
configure:6600: result: 32768
configure:6611: checking command to parse /usr/bin/nm -B output from gcc object
configure:6716: gcc -c -fsigned-char -fno-strength-reduce -fwritable-strings -D_REENTRANT -DLINUX -D_GNU_SOURCE -DXLIB_ILLEGAL_ACCESS -DFONCTIONS2 -Wall -Wfloat-equal -Wwrite-strings -Wno-missing-braces -Wno-parentheses -Wno-unused -Wno-implicit-function-declaration -Wno-return-type -Wno-format -ggdb -D__USE_BSD -g3 -DPTHREADS -D_REENTRANT -D__gnu_linux__ -D__i386__  conftest.c >&5
configure:6719: $? = 0
configure:6723: /usr/bin/nm -B conftest.o \| sed -n -e 's/^.*[ 	]\([ABCDGIRSTW][ABCDGIRSTW]*\)[ 	][ 	]*\([_A-Za-z][_A-Za-z0-9]*\)$/\1 \2 \2/p' \> conftest.nm
configure:6726: $? = 0
configure:6778: gcc -o conftest -fsigned-char -fno-strength-reduce -fwritable-strings -D_REENTRANT -DLINUX -D_GNU_SOURCE -DXLIB_ILLEGAL_ACCESS -DFONCTIONS2 -Wall -Wfloat-equal -Wwrite-strings -Wno-missing-braces -Wno-parentheses -Wno-unused -Wno-implicit-function-declaration -Wno-return-type -Wno-format -ggdb -D__USE_BSD -g3 -DPTHREADS -D_REENTRANT -D__gnu_linux__ -D__i386__   conftest.c conftstm.o >&5
configure:6781: $? = 0
configure:6819: result: ok
configure:6823: checking for objdir
configure:6838: result: .libs
configure:6930: checking for ar
configure:6946: found /usr/bin/ar
configure:6957: result: ar
configure:7026: checking for ranlib
configure:7042: found /usr/bin/ranlib
configure:7053: result: ranlib
configure:7122: checking for strip
configure:7138: found /usr/bin/strip
configure:7149: result: strip
configure:7435: checking if gcc supports -fno-rtti -fno-exceptions
configure:7456: gcc -c -fsigned-char -fno-strength-reduce -fwritable-strings -D_REENTRANT -DLINUX -D_GNU_SOURCE -DXLIB_ILLEGAL_ACCESS -DFONCTIONS2 -Wall -Wfloat-equal -Wwrite-strings -Wno-missing-braces -Wno-parentheses -Wno-unused -Wno-implicit-function-declaration -Wno-return-type -Wno-format -ggdb -D__USE_BSD -g3 -DPTHREADS -D_REENTRANT -D__gnu_linux__ -D__i386__  -fno-rtti -fno-exceptions conftest.c >&5
configure:7460: $? = 0
configure:7470: result: yes
configure:7485: checking for gcc option to produce PIC
configure:7695: result: -fPIC
configure:7703: checking if gcc PIC flag -fPIC works
configure:7724: gcc -c -fsigned-char -fno-strength-reduce -fwritable-strings -D_REENTRANT -DLINUX -D_GNU_SOURCE -DXLIB_ILLEGAL_ACCESS -DFONCTIONS2 -Wall -Wfloat-equal -Wwrite-strings -Wno-missing-braces -Wno-parentheses -Wno-unused -Wno-implicit-function-declaration -Wno-return-type -Wno-format -ggdb -D__USE_BSD -g3 -DPTHREADS -D_REENTRANT -D__gnu_linux__ -D__i386__  -fPIC -DPIC conftest.c >&5
configure:7728: $? = 0
configure:7738: result: yes
configure:7766: checking if gcc static flag -static works
configure:7794: result: yes
configure:7804: checking if gcc supports -c -o file.o
configure:7828: gcc -c -fsigned-char -fno-strength-reduce -fwritable-strings -D_REENTRANT -DLINUX -D_GNU_SOURCE -DXLIB_ILLEGAL_ACCESS -DFONCTIONS2 -Wall -Wfloat-equal -Wwrite-strings -Wno-missing-braces -Wno-parentheses -Wno-unused -Wno-implicit-function-declaration -Wno-return-type -Wno-format -ggdb -D__USE_BSD -g3 -DPTHREADS -D_REENTRANT -D__gnu_linux__ -D__i386__  -o out/conftest2.o conftest.c >&5
configure:7832: $? = 0
configure:7851: result: yes
configure:7877: checking whether the gcc linker (/usr/bin/ld) supports shared libraries
configure:8864: result: yes
configure:8885: checking whether -lc should be explicitly linked in
configure:8890: gcc -c -fsigned-char -fno-strength-reduce -fwritable-strings -D_REENTRANT -DLINUX -D_GNU_SOURCE -DXLIB_ILLEGAL_ACCESS -DFONCTIONS2 -Wall -Wfloat-equal -Wwrite-strings -Wno-missing-braces -Wno-parentheses -Wno-unused -Wno-implicit-function-declaration -Wno-return-type -Wno-format -ggdb -D__USE_BSD -g3 -DPTHREADS -D_REENTRANT -D__gnu_linux__ -D__i386__  conftest.c >&5
configure:8893: $? = 0
configure:8908: gcc -shared conftest.o  -v -Wl,-soname -Wl,conftest -o conftest 2\>\&1 \| grep  -lc  \>/dev/null 2\>\&1
configure:8911: $? = 0
configure:8923: result: no
configure:8931: checking dynamic linker characteristics
configure:9507: result: GNU/Linux ld.so
configure:9516: checking how to hardcode library paths into programs
configure:9541: result: immediate
configure:9555: checking whether stripping libraries is possible
configure:9560: result: yes
configure:10473: checking if libtool supports shared libraries
configure:10475: result: yes
configure:10478: checking whether to build shared libraries
configure:10499: result: yes
configure:10502: checking whether to build static libraries
configure:10506: result: yes
configure:10598: creating libtool
configure:11186: checking for ld used by g++
configure:11253: result: /usr/bin/ld
configure:11262: checking if the linker (/usr/bin/ld) is GNU ld
configure:11277: result: yes
configure:11328: checking whether the g++ linker (/usr/bin/ld) supports shared libraries
configure:12294: result: yes
configure:12312: g++ -c -g -O2  conftest.cpp >&5
configure:12315: $? = 0
configure:12434: checking for g++ option to produce PIC
configure:12708: result: -fPIC
configure:12716: checking if g++ PIC flag -fPIC works
configure:12737: g++ -c -g -O2  -fPIC -DPIC conftest.cpp >&5
configure:12741: $? = 0
configure:12751: result: yes
configure:12779: checking if g++ static flag -static works
configure:12807: result: yes
configure:12817: checking if g++ supports -c -o file.o
configure:12841: g++ -c -g -O2  -o out/conftest2.o conftest.cpp >&5
configure:12845: $? = 0
configure:12864: result: yes
configure:12890: checking whether the g++ linker (/usr/bin/ld) supports shared libraries
configure:12918: result: yes
configure:12985: checking dynamic linker characteristics
configure:13561: result: GNU/Linux ld.so
configure:13570: checking how to hardcode library paths into programs
configure:13595: result: immediate
configure:19795: checking for ANSI C header files
configure:19973: result: yes
configure:19983: checking whether time.h and sys/time.h may both be included
configure:20013: gcc -c -fsigned-char -fno-strength-reduce -fwritable-strings -D_REENTRANT -DLINUX -D_GNU_SOURCE -DXLIB_ILLEGAL_ACCESS -DFONCTIONS2 -Wall -Wfloat-equal -Wwrite-strings -Wno-missing-braces -Wno-parentheses -Wno-unused -Wno-implicit-function-declaration -Wno-return-type -Wno-format -ggdb -D__USE_BSD -g3 -DPTHREADS -D_REENTRANT -D__gnu_linux__ -D__i386__  conftest.c >&5
configure:20019: $? = 0
configure:20026: test -z "$ac_c_werror_flag" || test ! -s conftest.err
configure:20029: $? = 0
configure:20036: test -s conftest.o
configure:20039: $? = 0
configure:20051: result: yes
configure:20096: checking arpa/inet.h usability
configure:20113: gcc -c -fsigned-char -fno-strength-reduce -fwritable-strings -D_REENTRANT -DLINUX -D_GNU_SOURCE -DXLIB_ILLEGAL_ACCESS -DFONCTIONS2 -Wall -Wfloat-equal -Wwrite-strings -Wno-missing-braces -Wno-parentheses -Wno-unused -Wno-implicit-function-declaration -Wno-return-type -Wno-format -ggdb -D__USE_BSD -g3 -DPTHREADS -D_REENTRANT -D__gnu_linux__ -D__i386__  conftest.c >&5
configure:20119: $? = 0
configure:20126: test -z "$ac_c_werror_flag" || test ! -s conftest.err
configure:20129: $? = 0
configure:20136: test -s conftest.o
configure:20139: $? = 0
configure:20150: result: yes
configure:20154: checking arpa/inet.h presence
configure:20169: gcc -E  conftest.c
configure:20175: $? = 0
configure:20196: result: yes
configure:20224: checking for arpa/inet.h
configure:20232: result: yes
configure:20096: checking fcntl.h usability
configure:20113: gcc -c -fsigned-char -fno-strength-reduce -fwritable-strings -D_REENTRANT -DLINUX -D_GNU_SOURCE -DXLIB_ILLEGAL_ACCESS -DFONCTIONS2 -Wall -Wfloat-equal -Wwrite-strings -Wno-missing-braces -Wno-parentheses -Wno-unused -Wno-implicit-function-declaration -Wno-return-type -Wno-format -ggdb -D__USE_BSD -g3 -DPTHREADS -D_REENTRANT -D__gnu_linux__ -D__i386__  conftest.c >&5
configure:20119: $? = 0
configure:20126: test -z "$ac_c_werror_flag" || test ! -s conftest.err
configure:20129: $? = 0
configure:20136: test -s conftest.o
configure:20139: $? = 0
configure:20150: result: yes
configure:20154: checking fcntl.h presence
configure:20169: gcc -E  conftest.c
configure:20175: $? = 0
configure:20196: result: yes
configure:20224: checking for fcntl.h
configure:20232: result: yes
configure:20086: checking for inttypes.h
configure:20092: result: yes
configure:20096: checking malloc.h usability
configure:20113: gcc -c -fsigned-char -fno-strength-reduce -fwritable-strings -D_REENTRANT -DLINUX -D_GNU_SOURCE -DXLIB_ILLEGAL_ACCESS -DFONCTIONS2 -Wall -Wfloat-equal -Wwrite-strings -Wno-missing-braces -Wno-parentheses -Wno-unused -Wno-implicit-function-declaration -Wno-return-type -Wno-format -ggdb -D__USE_BSD -g3 -DPTHREADS -D_REENTRANT -D__gnu_linux__ -D__i386__  conftest.c >&5
configure:20119: $? = 0
configure:20126: test -z "$ac_c_werror_flag" || test ! -s conftest.err
configure:20129: $? = 0
configure:20136: test -s conftest.o
configure:20139: $? = 0
configure:20150: result: yes
configure:20154: checking malloc.h presence
configure:20169: gcc -E  conftest.c
configure:20175: $? = 0
configure:20196: result: yes
configure:20224: checking for malloc.h
configure:20232: result: yes
configure:20096: checking netdb.h usability
configure:20113: gcc -c -fsigned-char -fno-strength-reduce -fwritable-strings -D_REENTRANT -DLINUX -D_GNU_SOURCE -DXLIB_ILLEGAL_ACCESS -DFONCTIONS2 -Wall -Wfloat-equal -Wwrite-strings -Wno-missing-braces -Wno-parentheses -Wno-unused -Wno-implicit-function-declaration -Wno-return-type -Wno-format -ggdb -D__USE_BSD -g3 -DPTHREADS -D_REENTRANT -D__gnu_linux__ -D__i386__  conftest.c >&5
configure:20119: $? = 0
configure:20126: test -z "$ac_c_werror_flag" || test ! -s conftest.err
configure:20129: $? = 0
configure:20136: test -s conftest.o
configure:20139: $? = 0
configure:20150: result: yes
configure:20154: checking netdb.h presence
configure:20169: gcc -E  conftest.c
configure:20175: $? = 0
configure:20196: result: yes
configure:20224: checking for netdb.h
configure:20232: result: yes
configure:20096: checking netinet/in.h usability
configure:20113: gcc -c -fsigned-char -fno-strength-reduce -fwritable-strings -D_REENTRANT -DLINUX -D_GNU_SOURCE -DXLIB_ILLEGAL_ACCESS -DFONCTIONS2 -Wall -Wfloat-equal -Wwrite-strings -Wno-missing-braces -Wno-parentheses -Wno-unused -Wno-implicit-function-declaration -Wno-return-type -Wno-format -ggdb -D__USE_BSD -g3 -DPTHREADS -D_REENTRANT -D__gnu_linux__ -D__i386__  conftest.c >&5
configure:20119: $? = 0
configure:20126: test -z "$ac_c_werror_flag" || test ! -s conftest.err
configure:20129: $? = 0
configure:20136: test -s conftest.o
configure:20139: $? = 0
configure:20150: result: yes
configure:20154: checking netinet/in.h presence
configure:20169: gcc -E  conftest.c
configure:20175: $? = 0
configure:20196: result: yes
configure:20224: checking for netinet/in.h
configure:20232: result: yes
configure:20086: checking for stdint.h
configure:20092: result: yes
configure:20086: checking for stdlib.h
configure:20092: result: yes
configure:20096: checking signal.h usability
configure:20113: gcc -c -fsigned-char -fno-strength-reduce -fwritable-strings -D_REENTRANT -DLINUX -D_GNU_SOURCE -DXLIB_ILLEGAL_ACCESS -DFONCTIONS2 -Wall -Wfloat-equal -Wwrite-strings -Wno-missing-braces -Wno-parentheses -Wno-unused -Wno-implicit-function-declaration -Wno-return-type -Wno-format -ggdb -D__USE_BSD -g3 -DPTHREADS -D_REENTRANT -D__gnu_linux__ -D__i386__  conftest.c >&5
configure:20119: $? = 0
configure:20126: test -z "$ac_c_werror_flag" || test ! -s conftest.err
configure:20129: $? = 0
configure:20136: test -s conftest.o
configure:20139: $? = 0
configure:20150: result: yes
configure:20154: checking signal.h presence
configure:20169: gcc -E  conftest.c
configure:20175: $? = 0
configure:20196: result: yes
configure:20224: checking for signal.h
configure:20232: result: yes
configure:20096: checking pthread.h usability
configure:20113: gcc -c -fsigned-char -fno-strength-reduce -fwritable-strings -D_REENTRANT -DLINUX -D_GNU_SOURCE -DXLIB_ILLEGAL_ACCESS -DFONCTIONS2 -Wall -Wfloat-equal -Wwrite-strings -Wno-missing-braces -Wno-parentheses -Wno-unused -Wno-implicit-function-declaration -Wno-return-type -Wno-format -ggdb -D__USE_BSD -g3 -DPTHREADS -D_REENTRANT -D__gnu_linux__ -D__i386__  conftest.c >&5
configure:20119: $? = 0
configure:20126: test -z "$ac_c_werror_flag" || test ! -s conftest.err
configure:20129: $? = 0
configure:20136: test -s conftest.o
configure:20139: $? = 0
configure:20150: result: yes
configure:20154: checking pthread.h presence
configure:20169: gcc -E  conftest.c
configure:20175: $? = 0
configure:20196: result: yes
configure:20224: checking for pthread.h
configure:20232: result: yes
configure:20086: checking for string.h
configure:20092: result: yes
configure:20096: checking sys/socket.h usability
configure:20113: gcc -c -fsigned-char -fno-strength-reduce -fwritable-strings -D_REENTRANT -DLINUX -D_GNU_SOURCE -DXLIB_ILLEGAL_ACCESS -DFONCTIONS2 -Wall -Wfloat-equal -Wwrite-strings -Wno-missing-braces -Wno-parentheses -Wno-unused -Wno-implicit-function-declaration -Wno-return-type -Wno-format -ggdb -D__USE_BSD -g3 -DPTHREADS -D_REENTRANT -D__gnu_linux__ -D__i386__  conftest.c >&5
configure:20119: $? = 0
configure:20126: test -z "$ac_c_werror_flag" || test ! -s conftest.err
configure:20129: $? = 0
configure:20136: test -s conftest.o
configure:20139: $? = 0
configure:20150: result: yes
configure:20154: checking sys/socket.h presence
configure:20169: gcc -E  conftest.c
configure:20175: $? = 0
configure:20196: result: yes
configure:20224: checking for sys/socket.h
configure:20232: result: yes
configure:20096: checking sys/time.h usability
configure:20113: gcc -c -fsigned-char -fno-strength-reduce -fwritable-strings -D_REENTRANT -DLINUX -D_GNU_SOURCE -DXLIB_ILLEGAL_ACCESS -DFONCTIONS2 -Wall -Wfloat-equal -Wwrite-strings -Wno-missing-braces -Wno-parentheses -Wno-unused -Wno-implicit-function-declaration -Wno-return-type -Wno-format -ggdb -D__USE_BSD -g3 -DPTHREADS -D_REENTRANT -D__gnu_linux__ -D__i386__  conftest.c >&5
configure:20119: $? = 0
configure:20126: test -z "$ac_c_werror_flag" || test ! -s conftest.err
configure:20129: $? = 0
configure:20136: test -s conftest.o
configure:20139: $? = 0
configure:20150: result: yes
configure:20154: checking sys/time.h presence
configure:20169: gcc -E  conftest.c
configure:20175: $? = 0
configure:20196: result: yes
configure:20224: checking for sys/time.h
configure:20232: result: yes
configure:20086: checking for unistd.h
configure:20092: result: yes
configure:20096: checking io.h usability
configure:20113: gcc -c -fsigned-char -fno-strength-reduce -fwritable-strings -D_REENTRANT -DLINUX -D_GNU_SOURCE -DXLIB_ILLEGAL_ACCESS -DFONCTIONS2 -Wall -Wfloat-equal -Wwrite-strings -Wno-missing-braces -Wno-parentheses -Wno-unused -Wno-implicit-function-declaration -Wno-return-type -Wno-format -ggdb -D__USE_BSD -g3 -DPTHREADS -D_REENTRANT -D__gnu_linux__ -D__i386__  conftest.c >&5
conftest.c:70:16: io.h: No such file or directory
configure:20119: $? = 1
configure: failed program was:
| /* confdefs.h.  */
| #define PACKAGE_NAME "csoap"
| #define PACKAGE_TARNAME "csoap"
| #define PACKAGE_VERSION "1.1.0"
| #define PACKAGE_STRING "csoap 1.1.0"
| #define PACKAGE_BUGREPORT ""
| #define PACKAGE "csoap"
| #define VERSION "1.1.0"
| #define STDC_HEADERS 1
| #define HAVE_SYS_TYPES_H 1
| #define HAVE_SYS_STAT_H 1
| #define HAVE_STDLIB_H 1
| #define HAVE_STRING_H 1
| #define HAVE_MEMORY_H 1
| #define HAVE_STRINGS_H 1
| #define HAVE_INTTYPES_H 1
| #define HAVE_STDINT_H 1
| #define HAVE_UNISTD_H 1
| #define HAVE_DLFCN_H 1
| #define STDC_HEADERS 1
| #define TIME_WITH_SYS_TIME 1
| #define HAVE_ARPA_INET_H 1
| #define HAVE_FCNTL_H 1
| #define HAVE_INTTYPES_H 1
| #define HAVE_MALLOC_H 1
| #define HAVE_NETDB_H 1
| #define HAVE_NETINET_IN_H 1
| #define HAVE_STDINT_H 1
| #define HAVE_STDLIB_H 1
| #define HAVE_SIGNAL_H 1
| #define HAVE_PTHREAD_H 1
| #define HAVE_STRING_H 1
| #define HAVE_SYS_SOCKET_H 1
| #define HAVE_SYS_TIME_H 1
| #define HAVE_UNISTD_H 1
| /* end confdefs.h.  */
| #include <stdio.h>
| #if HAVE_SYS_TYPES_H
| # include <sys/types.h>
| #endif
| #if HAVE_SYS_STAT_H
| # include <sys/stat.h>
| #endif
| #if STDC_HEADERS
| # include <stdlib.h>
| # include <stddef.h>
| #else
| # if HAVE_STDLIB_H
| #  include <stdlib.h>
| # endif
| #endif
| #if HAVE_STRING_H
| # if !STDC_HEADERS && HAVE_MEMORY_H
| #  include <memory.h>
| # endif
| # include <string.h>
| #endif
| #if HAVE_STRINGS_H
| # include <strings.h>
| #endif
| #if HAVE_INTTYPES_H
| # include <inttypes.h>
| #endif
| #if HAVE_STDINT_H
| # include <stdint.h>
| #endif
| #if HAVE_UNISTD_H
| # include <unistd.h>
| #endif
| #include <io.h>
configure:20150: result: no
configure:20154: checking io.h presence
configure:20169: gcc -E  conftest.c
conftest.c:37:16: io.h: No such file or directory
configure:20175: $? = 1
configure: failed program was:
| /* confdefs.h.  */
| #define PACKAGE_NAME "csoap"
| #define PACKAGE_TARNAME "csoap"
| #define PACKAGE_VERSION "1.1.0"
| #define PACKAGE_STRING "csoap 1.1.0"
| #define PACKAGE_BUGREPORT ""
| #define PACKAGE "csoap"
| #define VERSION "1.1.0"
| #define STDC_HEADERS 1
| #define HAVE_SYS_TYPES_H 1
| #define HAVE_SYS_STAT_H 1
| #define HAVE_STDLIB_H 1
| #define HAVE_STRING_H 1
| #define HAVE_MEMORY_H 1
| #define HAVE_STRINGS_H 1
| #define HAVE_INTTYPES_H 1
| #define HAVE_STDINT_H 1
| #define HAVE_UNISTD_H 1
| #define HAVE_DLFCN_H 1
| #define STDC_HEADERS 1
| #define TIME_WITH_SYS_TIME 1
| #define HAVE_ARPA_INET_H 1
| #define HAVE_FCNTL_H 1
| #define HAVE_INTTYPES_H 1
| #define HAVE_MALLOC_H 1
| #define HAVE_NETDB_H 1
| #define HAVE_NETINET_IN_H 1
| #define HAVE_STDINT_H 1
| #define HAVE_STDLIB_H 1
| #define HAVE_SIGNAL_H 1
| #define HAVE_PTHREAD_H 1
| #define HAVE_STRING_H 1
| #define HAVE_SYS_SOCKET_H 1
| #define HAVE_SYS_TIME_H 1
| #define HAVE_UNISTD_H 1
| /* end confdefs.h.  */
| #include <io.h>
configure:20196: result: no
configure:20224: checking for io.h
configure:20232: result: no
configure:20096: checking stdio.h usability
configure:20113: gcc -c -fsigned-char -fno-strength-reduce -fwritable-strings -D_REENTRANT -DLINUX -D_GNU_SOURCE -DXLIB_ILLEGAL_ACCESS -DFONCTIONS2 -Wall -Wfloat-equal -Wwrite-strings -Wno-missing-braces -Wno-parentheses -Wno-unused -Wno-implicit-function-declaration -Wno-return-type -Wno-format -ggdb -D__USE_BSD -g3 -DPTHREADS -D_REENTRANT -D__gnu_linux__ -D__i386__  conftest.c >&5
configure:20119: $? = 0
configure:20126: test -z "$ac_c_werror_flag" || test ! -s conftest.err
configure:20129: $? = 0
configure:20136: test -s conftest.o
configure:20139: $? = 0
configure:20150: result: yes
configure:20154: checking stdio.h presence
configure:20169: gcc -E  conftest.c
configure:20175: $? = 0
configure:20196: result: yes
configure:20224: checking for stdio.h
configure:20232: result: yes
configure:20096: checking stdarg.h usability
configure:20113: gcc -c -fsigned-char -fno-strength-reduce -fwritable-strings -D_REENTRANT -DLINUX -D_GNU_SOURCE -DXLIB_ILLEGAL_ACCESS -DFONCTIONS2 -Wall -Wfloat-equal -Wwrite-strings -Wno-missing-braces -Wno-parentheses -Wno-unused -Wno-implicit-function-declaration -Wno-return-type -Wno-format -ggdb -D__USE_BSD -g3 -DPTHREADS -D_REENTRANT -D__gnu_linux__ -D__i386__  conftest.c >&5
configure:20119: $? = 0
configure:20126: test -z "$ac_c_werror_flag" || test ! -s conftest.err
configure:20129: $? = 0
configure:20136: test -s conftest.o
configure:20139: $? = 0
configure:20150: result: yes
configure:20154: checking stdarg.h presence
configure:20169: gcc -E  conftest.c
configure:20175: $? = 0
configure:20196: result: yes
configure:20224: checking for stdarg.h
configure:20232: result: yes
configure:20096: checking errno.h usability
configure:20113: gcc -c -fsigned-char -fno-strength-reduce -fwritable-strings -D_REENTRANT -DLINUX -D_GNU_SOURCE -DXLIB_ILLEGAL_ACCESS -DFONCTIONS2 -Wall -Wfloat-equal -Wwrite-strings -Wno-missing-braces -Wno-parentheses -Wno-unused -Wno-implicit-function-declaration -Wno-return-type -Wno-format -ggdb -D__USE_BSD -g3 -DPTHREADS -D_REENTRANT -D__gnu_linux__ -D__i386__  conftest.c >&5
configure:20119: $? = 0
configure:20126: test -z "$ac_c_werror_flag" || test ! -s conftest.err
configure:20129: $? = 0
configure:20136: test -s conftest.o
configure:20139: $? = 0
configure:20150: result: yes
configure:20154: checking errno.h presence
configure:20169: gcc -E  conftest.c
configure:20175: $? = 0
configure:20196: result: yes
configure:20224: checking for errno.h
configure:20232: result: yes
configure:20096: checking ctype.h usability
configure:20113: gcc -c -fsigned-char -fno-strength-reduce -fwritable-strings -D_REENTRANT -DLINUX -D_GNU_SOURCE -DXLIB_ILLEGAL_ACCESS -DFONCTIONS2 -Wall -Wfloat-equal -Wwrite-strings -Wno-missing-braces -Wno-parentheses -Wno-unused -Wno-implicit-function-declaration -Wno-return-type -Wno-format -ggdb -D__USE_BSD -g3 -DPTHREADS -D_REENTRANT -D__gnu_linux__ -D__i386__  conftest.c >&5
configure:20119: $? = 0
configure:20126: test -z "$ac_c_werror_flag" || test ! -s conftest.err
configure:20129: $? = 0
configure:20136: test -s conftest.o
configure:20139: $? = 0
configure:20150: result: yes
configure:20154: checking ctype.h presence
configure:20169: gcc -E  conftest.c
configure:20175: $? = 0
configure:20196: result: yes
configure:20224: checking for ctype.h
configure:20232: result: yes
configure:20096: checking openssl/rand.h usability
configure:20113: gcc -c -fsigned-char -fno-strength-reduce -fwritable-strings -D_REENTRANT -DLINUX -D_GNU_SOURCE -DXLIB_ILLEGAL_ACCESS -DFONCTIONS2 -Wall -Wfloat-equal -Wwrite-strings -Wno-missing-braces -Wno-parentheses -Wno-unused -Wno-implicit-function-declaration -Wno-return-type -Wno-format -ggdb -D__USE_BSD -g3 -DPTHREADS -D_REENTRANT -D__gnu_linux__ -D__i386__  conftest.c >&5
configure:20119: $? = 0
configure:20126: test -z "$ac_c_werror_flag" || test ! -s conftest.err
configure:20129: $? = 0
configure:20136: test -s conftest.o
configure:20139: $? = 0
configure:20150: result: yes
configure:20154: checking openssl/rand.h presence
configure:20169: gcc -E  conftest.c
configure:20175: $? = 0
configure:20196: result: yes
configure:20224: checking for openssl/rand.h
configure:20232: result: yes
configure:20096: checking openssl/err.h usability
configure:20113: gcc -c -fsigned-char -fno-strength-reduce -fwritable-strings -D_REENTRANT -DLINUX -D_GNU_SOURCE -DXLIB_ILLEGAL_ACCESS -DFONCTIONS2 -Wall -Wfloat-equal -Wwrite-strings -Wno-missing-braces -Wno-parentheses -Wno-unused -Wno-implicit-function-declaration -Wno-return-type -Wno-format -ggdb -D__USE_BSD -g3 -DPTHREADS -D_REENTRANT -D__gnu_linux__ -D__i386__  conftest.c >&5
configure:20119: $? = 0
configure:20126: test -z "$ac_c_werror_flag" || test ! -s conftest.err
configure:20129: $? = 0
configure:20136: test -s conftest.o
configure:20139: $? = 0
configure:20150: result: yes
configure:20154: checking openssl/err.h presence
configure:20169: gcc -E  conftest.c
configure:20175: $? = 0
configure:20196: result: yes
configure:20224: checking for openssl/err.h
configure:20232: result: yes
configure:20246: checking for an ANSI C-conforming const
configure:20321: gcc -c -fsigned-char -fno-strength-reduce -fwritable-strings -D_REENTRANT -DLINUX -D_GNU_SOURCE -DXLIB_ILLEGAL_ACCESS -DFONCTIONS2 -Wall -Wfloat-equal -Wwrite-strings -Wno-missing-braces -Wno-parentheses -Wno-unused -Wno-implicit-function-declaration -Wno-return-type -Wno-format -ggdb -D__USE_BSD -g3 -DPTHREADS -D_REENTRANT -D__gnu_linux__ -D__i386__  conftest.c >&5
configure:20327: $? = 0
configure:20334: test -z "$ac_c_werror_flag" || test ! -s conftest.err
configure:20337: $? = 0
configure:20344: test -s conftest.o
configure:20347: $? = 0
configure:20359: result: yes
configure:20369: checking whether struct tm is in sys/time.h or time.h
configure:20397: gcc -c -fsigned-char -fno-strength-reduce -fwritable-strings -D_REENTRANT -DLINUX -D_GNU_SOURCE -DXLIB_ILLEGAL_ACCESS -DFONCTIONS2 -Wall -Wfloat-equal -Wwrite-strings -Wno-missing-braces -Wno-parentheses -Wno-unused -Wno-implicit-function-declaration -Wno-return-type -Wno-format -ggdb -D__USE_BSD -g3 -DPTHREADS -D_REENTRANT -D__gnu_linux__ -D__i386__  conftest.c >&5
configure:20403: $? = 0
configure:20410: test -z "$ac_c_werror_flag" || test ! -s conftest.err
configure:20413: $? = 0
configure:20420: test -s conftest.o
configure:20423: $? = 0
configure:20435: result: time.h
configure:20446: checking return type of signal handlers
configure:20474: gcc -c -fsigned-char -fno-strength-reduce -fwritable-strings -D_REENTRANT -DLINUX -D_GNU_SOURCE -DXLIB_ILLEGAL_ACCESS -DFONCTIONS2 -Wall -Wfloat-equal -Wwrite-strings -Wno-missing-braces -Wno-parentheses -Wno-unused -Wno-implicit-function-declaration -Wno-return-type -Wno-format -ggdb -D__USE_BSD -g3 -DPTHREADS -D_REENTRANT -D__gnu_linux__ -D__i386__  conftest.c >&5
conftest.c: In function `main':
conftest.c:49: void value not ignored as it ought to be
configure:20480: $? = 1
configure: failed program was:
| /* confdefs.h.  */
| #define PACKAGE_NAME "csoap"
| #define PACKAGE_TARNAME "csoap"
| #define PACKAGE_VERSION "1.1.0"
| #define PACKAGE_STRING "csoap 1.1.0"
| #define PACKAGE_BUGREPORT ""
| #define PACKAGE "csoap"
| #define VERSION "1.1.0"
| #define STDC_HEADERS 1
| #define HAVE_SYS_TYPES_H 1
| #define HAVE_SYS_STAT_H 1
| #define HAVE_STDLIB_H 1
| #define HAVE_STRING_H 1
| #define HAVE_MEMORY_H 1
| #define HAVE_STRINGS_H 1
| #define HAVE_INTTYPES_H 1
| #define HAVE_STDINT_H 1
| #define HAVE_UNISTD_H 1
| #define HAVE_DLFCN_H 1
| #define STDC_HEADERS 1
| #define TIME_WITH_SYS_TIME 1
| #define HAVE_ARPA_INET_H 1
| #define HAVE_FCNTL_H 1
| #define HAVE_INTTYPES_H 1
| #define HAVE_MALLOC_H 1
| #define HAVE_NETDB_H 1
| #define HAVE_NETINET_IN_H 1
| #define HAVE_STDINT_H 1
| #define HAVE_STDLIB_H 1
| #define HAVE_SIGNAL_H 1
| #define HAVE_PTHREAD_H 1
| #define HAVE_STRING_H 1
| #define HAVE_SYS_SOCKET_H 1
| #define HAVE_SYS_TIME_H 1
| #define HAVE_UNISTD_H 1
| #define HAVE_STDIO_H 1
| #define HAVE_STDARG_H 1
| #define HAVE_ERRNO_H 1
| #define HAVE_CTYPE_H 1
| #define HAVE_OPENSSL_RAND_H 1
| #define HAVE_OPENSSL_ERR_H 1
| /* end confdefs.h.  */
| #include <sys/types.h>
| #include <signal.h>
| 
| int
| main ()
| {
| return *(signal (0, 0)) (0) == 1;
|   ;
|   return 0;
| }
configure:20512: result: void
configure:20521: checking for size_t
configure:20551: gcc -c -fsigned-char -fno-strength-reduce -fwritable-strings -D_REENTRANT -DLINUX -D_GNU_SOURCE -DXLIB_ILLEGAL_ACCESS -DFONCTIONS2 -Wall -Wfloat-equal -Wwrite-strings -Wno-missing-braces -Wno-parentheses -Wno-unused -Wno-implicit-function-declaration -Wno-return-type -Wno-format -ggdb -D__USE_BSD -g3 -DPTHREADS -D_REENTRANT -D__gnu_linux__ -D__i386__  conftest.c >&5
configure:20557: $? = 0
configure:20564: test -z "$ac_c_werror_flag" || test ! -s conftest.err
configure:20567: $? = 0
configure:20574: test -s conftest.o
configure:20577: $? = 0
configure:20589: result: yes
configure:20601: checking for ssize_t
configure:20631: gcc -c -fsigned-char -fno-strength-reduce -fwritable-strings -D_REENTRANT -DLINUX -D_GNU_SOURCE -DXLIB_ILLEGAL_ACCESS -DFONCTIONS2 -Wall -Wfloat-equal -Wwrite-strings -Wno-missing-braces -Wno-parentheses -Wno-unused -Wno-implicit-function-declaration -Wno-return-type -Wno-format -ggdb -D__USE_BSD -g3 -DPTHREADS -D_REENTRANT -D__gnu_linux__ -D__i386__  conftest.c >&5
configure:20637: $? = 0
configure:20644: test -z "$ac_c_werror_flag" || test ! -s conftest.err
configure:20647: $? = 0
configure:20654: test -s conftest.o
configure:20657: $? = 0
configure:20669: result: yes
configure:20687: checking for stdlib.h
configure:20693: result: yes
configure:20846: checking for GNU libc compatible malloc
configure:20880: gcc -o conftest -fsigned-char -fno-strength-reduce -fwritable-strings -D_REENTRANT -DLINUX -D_GNU_SOURCE -DXLIB_ILLEGAL_ACCESS -DFONCTIONS2 -Wall -Wfloat-equal -Wwrite-strings -Wno-missing-braces -Wno-parentheses -Wno-unused -Wno-implicit-function-declaration -Wno-return-type -Wno-format -ggdb -D__USE_BSD -g3 -DPTHREADS -D_REENTRANT -D__gnu_linux__ -D__i386__   conftest.c  >&5
configure:20883: $? = 0
configure:20889: ./conftest
configure:20892: $? = 0
configure:20908: result: yes
configure:20940: checking for vprintf
configure:20996: gcc -o conftest -fsigned-char -fno-strength-reduce -fwritable-strings -D_REENTRANT -DLINUX -D_GNU_SOURCE -DXLIB_ILLEGAL_ACCESS -DFONCTIONS2 -Wall -Wfloat-equal -Wwrite-strings -Wno-missing-braces -Wno-parentheses -Wno-unused -Wno-implicit-function-declaration -Wno-return-type -Wno-format -ggdb -D__USE_BSD -g3 -DPTHREADS -D_REENTRANT -D__gnu_linux__ -D__i386__   conftest.c  >&5
configure:21002: $? = 0
configure:21009: test -z "$ac_c_werror_flag" || test ! -s conftest.err
configure:21012: $? = 0
configure:21019: test -s conftest
configure:21022: $? = 0
configure:21036: result: yes
configure:21043: checking for _doprnt
configure:21099: gcc -o conftest -fsigned-char -fno-strength-reduce -fwritable-strings -D_REENTRANT -DLINUX -D_GNU_SOURCE -DXLIB_ILLEGAL_ACCESS -DFONCTIONS2 -Wall -Wfloat-equal -Wwrite-strings -Wno-missing-braces -Wno-parentheses -Wno-unused -Wno-implicit-function-declaration -Wno-return-type -Wno-format -ggdb -D__USE_BSD -g3 -DPTHREADS -D_REENTRANT -D__gnu_linux__ -D__i386__   conftest.c  >&5
/tmp/cc8KLyCH.o(.text+0x11): In function `main':
/home2/lm/sam/secu/libsoap-1.1.0/conftest.c:81: undefined reference to `_doprnt'
collect2: ld returned 1 exit status
configure:21105: $? = 1
configure: failed program was:
| /* confdefs.h.  */
| #define PACKAGE_NAME "csoap"
| #define PACKAGE_TARNAME "csoap"
| #define PACKAGE_VERSION "1.1.0"
| #define PACKAGE_STRING "csoap 1.1.0"
| #define PACKAGE_BUGREPORT ""
| #define PACKAGE "csoap"
| #define VERSION "1.1.0"
| #define STDC_HEADERS 1
| #define HAVE_SYS_TYPES_H 1
| #define HAVE_SYS_STAT_H 1
| #define HAVE_STDLIB_H 1
| #define HAVE_STRING_H 1
| #define HAVE_MEMORY_H 1
| #define HAVE_STRINGS_H 1
| #define HAVE_INTTYPES_H 1
| #define HAVE_STDINT_H 1
| #define HAVE_UNISTD_H 1
| #define HAVE_DLFCN_H 1
| #define STDC_HEADERS 1
| #define TIME_WITH_SYS_TIME 1
| #define HAVE_ARPA_INET_H 1
| #define HAVE_FCNTL_H 1
| #define HAVE_INTTYPES_H 1
| #define HAVE_MALLOC_H 1
| #define HAVE_NETDB_H 1
| #define HAVE_NETINET_IN_H 1
| #define HAVE_STDINT_H 1
| #define HAVE_STDLIB_H 1
| #define HAVE_SIGNAL_H 1
| #define HAVE_PTHREAD_H 1
| #define HAVE_STRING_H 1
| #define HAVE_SYS_SOCKET_H 1
| #define HAVE_SYS_TIME_H 1
| #define HAVE_UNISTD_H 1
| #define HAVE_STDIO_H 1
| #define HAVE_STDARG_H 1
| #define HAVE_ERRNO_H 1
| #define HAVE_CTYPE_H 1
| #define HAVE_OPENSSL_RAND_H 1
| #define HAVE_OPENSSL_ERR_H 1
| #define RETSIGTYPE void
| #define HAVE_STDLIB_H 1
| #define HAVE_MALLOC 1
| #define HAVE_VPRINTF 1
| /* end confdefs.h.  */
| /* Define _doprnt to an innocuous variant, in case <limits.h> declares _doprnt.
|    For example, HP-UX 11i <limits.h> declares gettimeofday.  */
| #define _doprnt innocuous__doprnt
| 
| /* System header to define __stub macros and hopefully few prototypes,
|     which can conflict with char _doprnt (); below.
|     Prefer <limits.h> to <assert.h> if __STDC__ is defined, since
|     <limits.h> exists even on freestanding compilers.  */
| 
| #ifdef __STDC__
| # include <limits.h>
| #else
| # include <assert.h>
| #endif
| 
| #undef _doprnt
| 
| /* Override any GCC internal prototype to avoid an error.
|    Use char because int might match the return type of a GCC
|    builtin and then its argument prototype would still apply.  */
| #ifdef __cplusplus
| extern "C"
| #endif
| char _doprnt ();
| /* The GNU C library defines this for functions which it implements
|     to always fail with ENOSYS.  Some functions are actually named
|     something starting with __ and the normal name is an alias.  */
| #if defined __stub__doprnt || defined __stub____doprnt
| choke me
| #endif
| 
| int
| main ()
| {
| return _doprnt ();
|   ;
|   return 0;
| }
configure:21138: result: no
configure:21156: checking for strftime
configure:21212: gcc -o conftest -fsigned-char -fno-strength-reduce -fwritable-strings -D_REENTRANT -DLINUX -D_GNU_SOURCE -DXLIB_ILLEGAL_ACCESS -DFONCTIONS2 -Wall -Wfloat-equal -Wwrite-strings -Wno-missing-braces -Wno-parentheses -Wno-unused -Wno-implicit-function-declaration -Wno-return-type -Wno-format -ggdb -D__USE_BSD -g3 -DPTHREADS -D_REENTRANT -D__gnu_linux__ -D__i386__   conftest.c  >&5
configure:21218: $? = 0
configure:21225: test -z "$ac_c_werror_flag" || test ! -s conftest.err
configure:21228: $? = 0
configure:21235: test -s conftest
configure:21238: $? = 0
configure:21252: result: yes
configure:21365: checking sys/select.h usability
configure:21382: gcc -c -fsigned-char -fno-strength-reduce -fwritable-strings -D_REENTRANT -DLINUX -D_GNU_SOURCE -DXLIB_ILLEGAL_ACCESS -DFONCTIONS2 -Wall -Wfloat-equal -Wwrite-strings -Wno-missing-braces -Wno-parentheses -Wno-unused -Wno-implicit-function-declaration -Wno-return-type -Wno-format -ggdb -D__USE_BSD -g3 -DPTHREADS -D_REENTRANT -D__gnu_linux__ -D__i386__  conftest.c >&5
configure:21388: $? = 0
configure:21395: test -z "$ac_c_werror_flag" || test ! -s conftest.err
configure:21398: $? = 0
configure:21405: test -s conftest.o
configure:21408: $? = 0
configure:21419: result: yes
configure:21423: checking sys/select.h presence
configure:21438: gcc -E  conftest.c
configure:21444: $? = 0
configure:21465: result: yes
configure:21493: checking for sys/select.h
configure:21501: result: yes
configure:21355: checking for sys/socket.h
configure:21361: result: yes
configure:21514: checking types of arguments for select
configure:21552: gcc -c -fsigned-char -fno-strength-reduce -fwritable-strings -D_REENTRANT -DLINUX -D_GNU_SOURCE -DXLIB_ILLEGAL_ACCESS -DFONCTIONS2 -Wall -Wfloat-equal -Wwrite-strings -Wno-missing-braces -Wno-parentheses -Wno-unused -Wno-implicit-function-declaration -Wno-return-type -Wno-format -ggdb -D__USE_BSD -g3 -DPTHREADS -D_REENTRANT -D__gnu_linux__ -D__i386__  conftest.c >&5
configure:21558: $? = 0
configure:21565: test -z "$ac_c_werror_flag" || test ! -s conftest.err
configure:21568: $? = 0
configure:21575: test -s conftest.o
configure:21578: $? = 0
configure:21596: result: int,fd_set *,struct timeval *
configure:21636: checking for gethostbyname
configure:21692: gcc -o conftest -fsigned-char -fno-strength-reduce -fwritable-strings -D_REENTRANT -DLINUX -D_GNU_SOURCE -DXLIB_ILLEGAL_ACCESS -DFONCTIONS2 -Wall -Wfloat-equal -Wwrite-strings -Wno-missing-braces -Wno-parentheses -Wno-unused -Wno-implicit-function-declaration -Wno-return-type -Wno-format -ggdb -D__USE_BSD -g3 -DPTHREADS -D_REENTRANT -D__gnu_linux__ -D__i386__   conftest.c  >&5
configure:21698: $? = 0
configure:21705: test -z "$ac_c_werror_flag" || test ! -s conftest.err
configure:21708: $? = 0
configure:21715: test -s conftest
configure:21718: $? = 0
configure:21732: result: yes
configure:21636: checking for inet_ntoa
configure:21692: gcc -o conftest -fsigned-char -fno-strength-reduce -fwritable-strings -D_REENTRANT -DLINUX -D_GNU_SOURCE -DXLIB_ILLEGAL_ACCESS -DFONCTIONS2 -Wall -Wfloat-equal -Wwrite-strings -Wno-missing-braces -Wno-parentheses -Wno-unused -Wno-implicit-function-declaration -Wno-return-type -Wno-format -ggdb -D__USE_BSD -g3 -DPTHREADS -D_REENTRANT -D__gnu_linux__ -D__i386__   conftest.c  >&5
configure:21698: $? = 0
configure:21705: test -z "$ac_c_werror_flag" || test ! -s conftest.err
configure:21708: $? = 0
configure:21715: test -s conftest
configure:21718: $? = 0
configure:21732: result: yes
configure:21636: checking for memmove
configure:21692: gcc -o conftest -fsigned-char -fno-strength-reduce -fwritable-strings -D_REENTRANT -DLINUX -D_GNU_SOURCE -DXLIB_ILLEGAL_ACCESS -DFONCTIONS2 -Wall -Wfloat-equal -Wwrite-strings -Wno-missing-braces -Wno-parentheses -Wno-unused -Wno-implicit-function-declaration -Wno-return-type -Wno-format -ggdb -D__USE_BSD -g3 -DPTHREADS -D_REENTRANT -D__gnu_linux__ -D__i386__   conftest.c  >&5
conftest.c:78: warning: conflicting types for built-in function `memmove'
configure:21698: $? = 0
configure:21705: test -z "$ac_c_werror_flag" || test ! -s conftest.err
configure:21708: $? = 0
configure:21715: test -s conftest
configure:21718: $? = 0
configure:21732: result: yes
configure:21636: checking for memset
configure:21692: gcc -o conftest -fsigned-char -fno-strength-reduce -fwritable-strings -D_REENTRANT -DLINUX -D_GNU_SOURCE -DXLIB_ILLEGAL_ACCESS -DFONCTIONS2 -Wall -Wfloat-equal -Wwrite-strings -Wno-missing-braces -Wno-parentheses -Wno-unused -Wno-implicit-function-declaration -Wno-return-type -Wno-format -ggdb -D__USE_BSD -g3 -DPTHREADS -D_REENTRANT -D__gnu_linux__ -D__i386__   conftest.c  >&5
conftest.c:79: warning: conflicting types for built-in function `memset'
configure:21698: $? = 0
configure:21705: test -z "$ac_c_werror_flag" || test ! -s conftest.err
configure:21708: $? = 0
configure:21715: test -s conftest
configure:21718: $? = 0
configure:21732: result: yes
configure:21636: checking for mkdir
configure:21692: gcc -o conftest -fsigned-char -fno-strength-reduce -fwritable-strings -D_REENTRANT -DLINUX -D_GNU_SOURCE -DXLIB_ILLEGAL_ACCESS -DFONCTIONS2 -Wall -Wfloat-equal -Wwrite-strings -Wno-missing-braces -Wno-parentheses -Wno-unused -Wno-implicit-function-declaration -Wno-return-type -Wno-format -ggdb -D__USE_BSD -g3 -DPTHREADS -D_REENTRANT -D__gnu_linux__ -D__i386__   conftest.c  >&5
configure:21698: $? = 0
configure:21705: test -z "$ac_c_werror_flag" || test ! -s conftest.err
configure:21708: $? = 0
configure:21715: test -s conftest
configure:21718: $? = 0
configure:21732: result: yes
configure:21636: checking for select
configure:21692: gcc -o conftest -fsigned-char -fno-strength-reduce -fwritable-strings -D_REENTRANT -DLINUX -D_GNU_SOURCE -DXLIB_ILLEGAL_ACCESS -DFONCTIONS2 -Wall -Wfloat-equal -Wwrite-strings -Wno-missing-braces -Wno-parentheses -Wno-unused -Wno-implicit-function-declaration -Wno-return-type -Wno-format -ggdb -D__USE_BSD -g3 -DPTHREADS -D_REENTRANT -D__gnu_linux__ -D__i386__   conftest.c  >&5
configure:21698: $? = 0
configure:21705: test -z "$ac_c_werror_flag" || test ! -s conftest.err
configure:21708: $? = 0
configure:21715: test -s conftest
configure:21718: $? = 0
configure:21732: result: yes
configure:21636: checking for socket
configure:21692: gcc -o conftest -fsigned-char -fno-strength-reduce -fwritable-strings -D_REENTRANT -DLINUX -D_GNU_SOURCE -DXLIB_ILLEGAL_ACCESS -DFONCTIONS2 -Wall -Wfloat-equal -Wwrite-strings -Wno-missing-braces -Wno-parentheses -Wno-unused -Wno-implicit-function-declaration -Wno-return-type -Wno-format -ggdb -D__USE_BSD -g3 -DPTHREADS -D_REENTRANT -D__gnu_linux__ -D__i386__   conftest.c  >&5
configure:21698: $? = 0
configure:21705: test -z "$ac_c_werror_flag" || test ! -s conftest.err
configure:21708: $? = 0
configure:21715: test -s conftest
configure:21718: $? = 0
configure:21732: result: yes
configure:21636: checking for strchr
configure:21692: gcc -o conftest -fsigned-char -fno-strength-reduce -fwritable-strings -D_REENTRANT -DLINUX -D_GNU_SOURCE -DXLIB_ILLEGAL_ACCESS -DFONCTIONS2 -Wall -Wfloat-equal -Wwrite-strings -Wno-missing-braces -Wno-parentheses -Wno-unused -Wno-implicit-function-declaration -Wno-return-type -Wno-format -ggdb -D__USE_BSD -g3 -DPTHREADS -D_REENTRANT -D__gnu_linux__ -D__i386__   conftest.c  >&5
conftest.c:83: warning: conflicting types for built-in function `strchr'
configure:21698: $? = 0
configure:21705: test -z "$ac_c_werror_flag" || test ! -s conftest.err
configure:21708: $? = 0
configure:21715: test -s conftest
configure:21718: $? = 0
configure:21732: result: yes
configure:21636: checking for strdup
configure:21692: gcc -o conftest -fsigned-char -fno-strength-reduce -fwritable-strings -D_REENTRANT -DLINUX -D_GNU_SOURCE -DXLIB_ILLEGAL_ACCESS -DFONCTIONS2 -Wall -Wfloat-equal -Wwrite-strings -Wno-missing-braces -Wno-parentheses -Wno-unused -Wno-implicit-function-declaration -Wno-return-type -Wno-format -ggdb -D__USE_BSD -g3 -DPTHREADS -D_REENTRANT -D__gnu_linux__ -D__i386__   conftest.c  >&5
configure:21698: $? = 0
configure:21705: test -z "$ac_c_werror_flag" || test ! -s conftest.err
configure:21708: $? = 0
configure:21715: test -s conftest
configure:21718: $? = 0
configure:21732: result: yes
configure:21636: checking for strncasecmp
configure:21692: gcc -o conftest -fsigned-char -fno-strength-reduce -fwritable-strings -D_REENTRANT -DLINUX -D_GNU_SOURCE -DXLIB_ILLEGAL_ACCESS -DFONCTIONS2 -Wall -Wfloat-equal -Wwrite-strings -Wno-missing-braces -Wno-parentheses -Wno-unused -Wno-implicit-function-declaration -Wno-return-type -Wno-format -ggdb -D__USE_BSD -g3 -DPTHREADS -D_REENTRANT -D__gnu_linux__ -D__i386__   conftest.c  >&5
configure:21698: $? = 0
configure:21705: test -z "$ac_c_werror_flag" || test ! -s conftest.err
configure:21708: $? = 0
configure:21715: test -s conftest
configure:21718: $? = 0
configure:21732: result: yes
configure:21636: checking for strpbrk
configure:21692: gcc -o conftest -fsigned-char -fno-strength-reduce -fwritable-strings -D_REENTRANT -DLINUX -D_GNU_SOURCE -DXLIB_ILLEGAL_ACCESS -DFONCTIONS2 -Wall -Wfloat-equal -Wwrite-strings -Wno-missing-braces -Wno-parentheses -Wno-unused -Wno-implicit-function-declaration -Wno-return-type -Wno-format -ggdb -D__USE_BSD -g3 -DPTHREADS -D_REENTRANT -D__gnu_linux__ -D__i386__   conftest.c  >&5
conftest.c:86: warning: conflicting types for built-in function `strpbrk'
configure:21698: $? = 0
configure:21705: test -z "$ac_c_werror_flag" || test ! -s conftest.err
configure:21708: $? = 0
configure:21715: test -s conftest
configure:21718: $? = 0
configure:21732: result: yes
configure:21636: checking for strspn
configure:21692: gcc -o conftest -fsigned-char -fno-strength-reduce -fwritable-strings -D_REENTRANT -DLINUX -D_GNU_SOURCE -DXLIB_ILLEGAL_ACCESS -DFONCTIONS2 -Wall -Wfloat-equal -Wwrite-strings -Wno-missing-braces -Wno-parentheses -Wno-unused -Wno-implicit-function-declaration -Wno-return-type -Wno-format -ggdb -D__USE_BSD -g3 -DPTHREADS -D_REENTRANT -D__gnu_linux__ -D__i386__   conftest.c  >&5
conftest.c:87: warning: conflicting types for built-in function `strspn'
configure:21698: $? = 0
configure:21705: test -z "$ac_c_werror_flag" || test ! -s conftest.err
configure:21708: $? = 0
configure:21715: test -s conftest
configure:21718: $? = 0
configure:21732: result: yes
configure:21636: checking for strstr
configure:21692: gcc -o conftest -fsigned-char -fno-strength-reduce -fwritable-strings -D_REENTRANT -DLINUX -D_GNU_SOURCE -DXLIB_ILLEGAL_ACCESS -DFONCTIONS2 -Wall -Wfloat-equal -Wwrite-strings -Wno-missing-braces -Wno-parentheses -Wno-unused -Wno-implicit-function-declaration -Wno-return-type -Wno-format -ggdb -D__USE_BSD -g3 -DPTHREADS -D_REENTRANT -D__gnu_linux__ -D__i386__   conftest.c  >&5
conftest.c:88: warning: conflicting types for built-in function `strstr'
configure:21698: $? = 0
configure:21705: test -z "$ac_c_werror_flag" || test ! -s conftest.err
configure:21708: $? = 0
configure:21715: test -s conftest
configure:21718: $? = 0
configure:21732: result: yes
configure:21636: checking for strtol
configure:21692: gcc -o conftest -fsigned-char -fno-strength-reduce -fwritable-strings -D_REENTRANT -DLINUX -D_GNU_SOURCE -DXLIB_ILLEGAL_ACCESS -DFONCTIONS2 -Wall -Wfloat-equal -Wwrite-strings -Wno-missing-braces -Wno-parentheses -Wno-unused -Wno-implicit-function-declaration -Wno-return-type -Wno-format -ggdb -D__USE_BSD -g3 -DPTHREADS -D_REENTRANT -D__gnu_linux__ -D__i386__   conftest.c  >&5
configure:21698: $? = 0
configure:21705: test -z "$ac_c_werror_flag" || test ! -s conftest.err
configure:21708: $? = 0
configure:21715: test -s conftest
configure:21718: $? = 0
configure:21732: result: yes
configure:21953: checking for the pthreads library -lpthreads
configure:21996: gcc -o conftest -fsigned-char -fno-strength-reduce -fwritable-strings -D_REENTRANT -DLINUX -D_GNU_SOURCE -DXLIB_ILLEGAL_ACCESS -DFONCTIONS2 -Wall -Wfloat-equal -Wwrite-strings -Wno-missing-braces -Wno-parentheses -Wno-unused -Wno-implicit-function-declaration -Wno-return-type -Wno-format -ggdb -D__USE_BSD -g3 -DPTHREADS -D_REENTRANT -D__gnu_linux__ -D__i386__    conftest.c -lpthreads  >&5
/usr/bin/ld: cannot find -lpthreads
collect2: ld returned 1 exit status
configure:22002: $? = 1
configure: failed program was:
| /* confdefs.h.  */
| #define PACKAGE_NAME "csoap"
| #define PACKAGE_TARNAME "csoap"
| #define PACKAGE_VERSION "1.1.0"
| #define PACKAGE_STRING "csoap 1.1.0"
| #define PACKAGE_BUGREPORT ""
| #define PACKAGE "csoap"
| #define VERSION "1.1.0"
| #define STDC_HEADERS 1
| #define HAVE_SYS_TYPES_H 1
| #define HAVE_SYS_STAT_H 1
| #define HAVE_STDLIB_H 1
| #define HAVE_STRING_H 1
| #define HAVE_MEMORY_H 1
| #define HAVE_STRINGS_H 1
| #define HAVE_INTTYPES_H 1
| #define HAVE_STDINT_H 1
| #define HAVE_UNISTD_H 1
| #define HAVE_DLFCN_H 1
| #define STDC_HEADERS 1
| #define TIME_WITH_SYS_TIME 1
| #define HAVE_ARPA_INET_H 1
| #define HAVE_FCNTL_H 1
| #define HAVE_INTTYPES_H 1
| #define HAVE_MALLOC_H 1
| #define HAVE_NETDB_H 1
| #define HAVE_NETINET_IN_H 1
| #define HAVE_STDINT_H 1
| #define HAVE_STDLIB_H 1
| #define HAVE_SIGNAL_H 1
| #define HAVE_PTHREAD_H 1
| #define HAVE_STRING_H 1
| #define HAVE_SYS_SOCKET_H 1
| #define HAVE_SYS_TIME_H 1
| #define HAVE_UNISTD_H 1
| #define HAVE_STDIO_H 1
| #define HAVE_STDARG_H 1
| #define HAVE_ERRNO_H 1
| #define HAVE_CTYPE_H 1
| #define HAVE_OPENSSL_RAND_H 1
| #define HAVE_OPENSSL_ERR_H 1
| #define RETSIGTYPE void
| #define HAVE_STDLIB_H 1
| #define HAVE_MALLOC 1
| #define HAVE_VPRINTF 1
| #define HAVE_STRFTIME 1
| #define HAVE_SYS_SELECT_H 1
| #define HAVE_SYS_SOCKET_H 1
| #define SELECT_TYPE_ARG1 int
| #define SELECT_TYPE_ARG234 (fd_set *)
| #define SELECT_TYPE_ARG5 (struct timeval *)
| #define HAVE_GETHOSTBYNAME 1
| #define HAVE_INET_NTOA 1
| #define HAVE_MEMMOVE 1
| #define HAVE_MEMSET 1
| #define HAVE_MKDIR 1
| #define HAVE_SELECT 1
| #define HAVE_SOCKET 1
| #define HAVE_STRCHR 1
| #define HAVE_STRDUP 1
| #define HAVE_STRNCASECMP 1
| #define HAVE_STRPBRK 1
| #define HAVE_STRSPN 1
| #define HAVE_STRSTR 1
| #define HAVE_STRTOL 1
| /* end confdefs.h.  */
| #include <pthread.h>
| int
| main ()
| {
| pthread_t th; pthread_join(th, 0);
|                      pthread_attr_init(0); pthread_cleanup_push(0, 0);
|                      pthread_create(0,0,0,0); pthread_cleanup_pop(0);
|   ;
|   return 0;
| }
configure:22038: result: no
configure:21898: checking whether pthreads work without any flags
configure:21996: gcc -o conftest -fsigned-char -fno-strength-reduce -fwritable-strings -D_REENTRANT -DLINUX -D_GNU_SOURCE -DXLIB_ILLEGAL_ACCESS -DFONCTIONS2 -Wall -Wfloat-equal -Wwrite-strings -Wno-missing-braces -Wno-parentheses -Wno-unused -Wno-implicit-function-declaration -Wno-return-type -Wno-format -ggdb -D__USE_BSD -g3 -DPTHREADS -D_REENTRANT -D__gnu_linux__ -D__i386__    conftest.c   >&5
/tmp/ccsACGcC.o(.text+0x19): In function `main':
/home2/lm/sam/secu/libsoap-1.1.0/conftest.c:71: undefined reference to `pthread_join'
/tmp/ccsACGcC.o(.text+0x39):/home2/lm/sam/secu/libsoap-1.1.0/conftest.c:72: undefined reference to `_pthread_cleanup_push'
/tmp/ccsACGcC.o(.text+0x49):/home2/lm/sam/secu/libsoap-1.1.0/conftest.c:73: undefined reference to `pthread_create'
/tmp/ccsACGcC.o(.text+0x5a):/home2/lm/sam/secu/libsoap-1.1.0/conftest.c:73: undefined reference to `_pthread_cleanup_pop'
collect2: ld returned 1 exit status
configure:22002: $? = 1
configure: failed program was:
| /* confdefs.h.  */
| #define PACKAGE_NAME "csoap"
| #define PACKAGE_TARNAME "csoap"
| #define PACKAGE_VERSION "1.1.0"
| #define PACKAGE_STRING "csoap 1.1.0"
| #define PACKAGE_BUGREPORT ""
| #define PACKAGE "csoap"
| #define VERSION "1.1.0"
| #define STDC_HEADERS 1
| #define HAVE_SYS_TYPES_H 1
| #define HAVE_SYS_STAT_H 1
| #define HAVE_STDLIB_H 1
| #define HAVE_STRING_H 1
| #define HAVE_MEMORY_H 1
| #define HAVE_STRINGS_H 1
| #define HAVE_INTTYPES_H 1
| #define HAVE_STDINT_H 1
| #define HAVE_UNISTD_H 1
| #define HAVE_DLFCN_H 1
| #define STDC_HEADERS 1
| #define TIME_WITH_SYS_TIME 1
| #define HAVE_ARPA_INET_H 1
| #define HAVE_FCNTL_H 1
| #define HAVE_INTTYPES_H 1
| #define HAVE_MALLOC_H 1
| #define HAVE_NETDB_H 1
| #define HAVE_NETINET_IN_H 1
| #define HAVE_STDINT_H 1
| #define HAVE_STDLIB_H 1
| #define HAVE_SIGNAL_H 1
| #define HAVE_PTHREAD_H 1
| #define HAVE_STRING_H 1
| #define HAVE_SYS_SOCKET_H 1
| #define HAVE_SYS_TIME_H 1
| #define HAVE_UNISTD_H 1
| #define HAVE_STDIO_H 1
| #define HAVE_STDARG_H 1
| #define HAVE_ERRNO_H 1
| #define HAVE_CTYPE_H 1
| #define HAVE_OPENSSL_RAND_H 1
| #define HAVE_OPENSSL_ERR_H 1
| #define RETSIGTYPE void
| #define HAVE_STDLIB_H 1
| #define HAVE_MALLOC 1
| #define HAVE_VPRINTF 1
| #define HAVE_STRFTIME 1
| #define HAVE_SYS_SELECT_H 1
| #define HAVE_SYS_SOCKET_H 1
| #define SELECT_TYPE_ARG1 int
| #define SELECT_TYPE_ARG234 (fd_set *)
| #define SELECT_TYPE_ARG5 (struct timeval *)
| #define HAVE_GETHOSTBYNAME 1
| #define HAVE_INET_NTOA 1
| #define HAVE_MEMMOVE 1
| #define HAVE_MEMSET 1
| #define HAVE_MKDIR 1
| #define HAVE_SELECT 1
| #define HAVE_SOCKET 1
| #define HAVE_STRCHR 1
| #define HAVE_STRDUP 1
| #define HAVE_STRNCASECMP 1
| #define HAVE_STRPBRK 1
| #define HAVE_STRSPN 1
| #define HAVE_STRSTR 1
| #define HAVE_STRTOL 1
| /* end confdefs.h.  */
| #include <pthread.h>
| int
| main ()
| {
| pthread_t th; pthread_join(th, 0);
|                      pthread_attr_init(0); pthread_cleanup_push(0, 0);
|                      pthread_create(0,0,0,0); pthread_cleanup_pop(0);
|   ;
|   return 0;
| }
configure:22038: result: no
configure:21903: checking whether pthreads work with -Kthread
configure:21996: gcc -o conftest -fsigned-char -fno-strength-reduce -fwritable-strings -D_REENTRANT -DLINUX -D_GNU_SOURCE -DXLIB_ILLEGAL_ACCESS -DFONCTIONS2 -Wall -Wfloat-equal -Wwrite-strings -Wno-missing-braces -Wno-parentheses -Wno-unused -Wno-implicit-function-declaration -Wno-return-type -Wno-format -ggdb -D__USE_BSD -g3 -DPTHREADS -D_REENTRANT -D__gnu_linux__ -D__i386__ -Kthread   conftest.c   >&5
gcc: unrecognized option `-Kthread'
/tmp/ccEHOwCI.o(.text+0x19): In function `main':
/home2/lm/sam/secu/libsoap-1.1.0/conftest.c:71: undefined reference to `pthread_join'
/tmp/ccEHOwCI.o(.text+0x39):/home2/lm/sam/secu/libsoap-1.1.0/conftest.c:72: undefined reference to `_pthread_cleanup_push'
/tmp/ccEHOwCI.o(.text+0x49):/home2/lm/sam/secu/libsoap-1.1.0/conftest.c:73: undefined reference to `pthread_create'
/tmp/ccEHOwCI.o(.text+0x5a):/home2/lm/sam/secu/libsoap-1.1.0/conftest.c:73: undefined reference to `_pthread_cleanup_pop'
collect2: ld returned 1 exit status
configure:22002: $? = 1
configure: failed program was:
| /* confdefs.h.  */
| #define PACKAGE_NAME "csoap"
| #define PACKAGE_TARNAME "csoap"
| #define PACKAGE_VERSION "1.1.0"
| #define PACKAGE_STRING "csoap 1.1.0"
| #define PACKAGE_BUGREPORT ""
| #define PACKAGE "csoap"
| #define VERSION "1.1.0"
| #define STDC_HEADERS 1
| #define HAVE_SYS_TYPES_H 1
| #define HAVE_SYS_STAT_H 1
| #define HAVE_STDLIB_H 1
| #define HAVE_STRING_H 1
| #define HAVE_MEMORY_H 1
| #define HAVE_STRINGS_H 1
| #define HAVE_INTTYPES_H 1
| #define HAVE_STDINT_H 1
| #define HAVE_UNISTD_H 1
| #define HAVE_DLFCN_H 1
| #define STDC_HEADERS 1
| #define TIME_WITH_SYS_TIME 1
| #define HAVE_ARPA_INET_H 1
| #define HAVE_FCNTL_H 1
| #define HAVE_INTTYPES_H 1
| #define HAVE_MALLOC_H 1
| #define HAVE_NETDB_H 1
| #define HAVE_NETINET_IN_H 1
| #define HAVE_STDINT_H 1
| #define HAVE_STDLIB_H 1
| #define HAVE_SIGNAL_H 1
| #define HAVE_PTHREAD_H 1
| #define HAVE_STRING_H 1
| #define HAVE_SYS_SOCKET_H 1
| #define HAVE_SYS_TIME_H 1
| #define HAVE_UNISTD_H 1
| #define HAVE_STDIO_H 1
| #define HAVE_STDARG_H 1
| #define HAVE_ERRNO_H 1
| #define HAVE_CTYPE_H 1
| #define HAVE_OPENSSL_RAND_H 1
| #define HAVE_OPENSSL_ERR_H 1
| #define RETSIGTYPE void
| #define HAVE_STDLIB_H 1
| #define HAVE_MALLOC 1
| #define HAVE_VPRINTF 1
| #define HAVE_STRFTIME 1
| #define HAVE_SYS_SELECT_H 1
| #define HAVE_SYS_SOCKET_H 1
| #define SELECT_TYPE_ARG1 int
| #define SELECT_TYPE_ARG234 (fd_set *)
| #define SELECT_TYPE_ARG5 (struct timeval *)
| #define HAVE_GETHOSTBYNAME 1
| #define HAVE_INET_NTOA 1
| #define HAVE_MEMMOVE 1
| #define HAVE_MEMSET 1
| #define HAVE_MKDIR 1
| #define HAVE_SELECT 1
| #define HAVE_SOCKET 1
| #define HAVE_STRCHR 1
| #define HAVE_STRDUP 1
| #define HAVE_STRNCASECMP 1
| #define HAVE_STRPBRK 1
| #define HAVE_STRSPN 1
| #define HAVE_STRSTR 1
| #define HAVE_STRTOL 1
| /* end confdefs.h.  */
| #include <pthread.h>
| int
| main ()
| {
| pthread_t th; pthread_join(th, 0);
|                      pthread_attr_init(0); pthread_cleanup_push(0, 0);
|                      pthread_create(0,0,0,0); pthread_cleanup_pop(0);
|   ;
|   return 0;
| }
configure:22038: result: no
configure:21903: checking whether pthreads work with -kthread
configure:21996: gcc -o conftest -fsigned-char -fno-strength-reduce -fwritable-strings -D_REENTRANT -DLINUX -D_GNU_SOURCE -DXLIB_ILLEGAL_ACCESS -DFONCTIONS2 -Wall -Wfloat-equal -Wwrite-strings -Wno-missing-braces -Wno-parentheses -Wno-unused -Wno-implicit-function-declaration -Wno-return-type -Wno-format -ggdb -D__USE_BSD -g3 -DPTHREADS -D_REENTRANT -D__gnu_linux__ -D__i386__ -kthread   conftest.c   >&5
gcc: unrecognized option `-kthread'
/tmp/cc8LE4OM.o(.text+0x19): In function `main':
/home2/lm/sam/secu/libsoap-1.1.0/conftest.c:71: undefined reference to `pthread_join'
/tmp/cc8LE4OM.o(.text+0x39):/home2/lm/sam/secu/libsoap-1.1.0/conftest.c:72: undefined reference to `_pthread_cleanup_push'
/tmp/cc8LE4OM.o(.text+0x49):/home2/lm/sam/secu/libsoap-1.1.0/conftest.c:73: undefined reference to `pthread_create'
/tmp/cc8LE4OM.o(.text+0x5a):/home2/lm/sam/secu/libsoap-1.1.0/conftest.c:73: undefined reference to `_pthread_cleanup_pop'
collect2: ld returned 1 exit status
configure:22002: $? = 1
configure: failed program was:
| /* confdefs.h.  */
| #define PACKAGE_NAME "csoap"
| #define PACKAGE_TARNAME "csoap"
| #define PACKAGE_VERSION "1.1.0"
| #define PACKAGE_STRING "csoap 1.1.0"
| #define PACKAGE_BUGREPORT ""
| #define PACKAGE "csoap"
| #define VERSION "1.1.0"
| #define STDC_HEADERS 1
| #define HAVE_SYS_TYPES_H 1
| #define HAVE_SYS_STAT_H 1
| #define HAVE_STDLIB_H 1
| #define HAVE_STRING_H 1
| #define HAVE_MEMORY_H 1
| #define HAVE_STRINGS_H 1
| #define HAVE_INTTYPES_H 1
| #define HAVE_STDINT_H 1
| #define HAVE_UNISTD_H 1
| #define HAVE_DLFCN_H 1
| #define STDC_HEADERS 1
| #define TIME_WITH_SYS_TIME 1
| #define HAVE_ARPA_INET_H 1
| #define HAVE_FCNTL_H 1
| #define HAVE_INTTYPES_H 1
| #define HAVE_MALLOC_H 1
| #define HAVE_NETDB_H 1
| #define HAVE_NETINET_IN_H 1
| #define HAVE_STDINT_H 1
| #define HAVE_STDLIB_H 1
| #define HAVE_SIGNAL_H 1
| #define HAVE_PTHREAD_H 1
| #define HAVE_STRING_H 1
| #define HAVE_SYS_SOCKET_H 1
| #define HAVE_SYS_TIME_H 1
| #define HAVE_UNISTD_H 1
| #define HAVE_STDIO_H 1
| #define HAVE_STDARG_H 1
| #define HAVE_ERRNO_H 1
| #define HAVE_CTYPE_H 1
| #define HAVE_OPENSSL_RAND_H 1
| #define HAVE_OPENSSL_ERR_H 1
| #define RETSIGTYPE void
| #define HAVE_STDLIB_H 1
| #define HAVE_MALLOC 1
| #define HAVE_VPRINTF 1
| #define HAVE_STRFTIME 1
| #define HAVE_SYS_SELECT_H 1
| #define HAVE_SYS_SOCKET_H 1
| #define SELECT_TYPE_ARG1 int
| #define SELECT_TYPE_ARG234 (fd_set *)
| #define SELECT_TYPE_ARG5 (struct timeval *)
| #define HAVE_GETHOSTBYNAME 1
| #define HAVE_INET_NTOA 1
| #define HAVE_MEMMOVE 1
| #define HAVE_MEMSET 1
| #define HAVE_MKDIR 1
| #define HAVE_SELECT 1
| #define HAVE_SOCKET 1
| #define HAVE_STRCHR 1
| #define HAVE_STRDUP 1
| #define HAVE_STRNCASECMP 1
| #define HAVE_STRPBRK 1
| #define HAVE_STRSPN 1
| #define HAVE_STRSTR 1
| #define HAVE_STRTOL 1
| /* end confdefs.h.  */
| #include <pthread.h>
| int
| main ()
| {
| pthread_t th; pthread_join(th, 0);
|                      pthread_attr_init(0); pthread_cleanup_push(0, 0);
|                      pthread_create(0,0,0,0); pthread_cleanup_pop(0);
|   ;
|   return 0;
| }
configure:22038: result: no
configure:21953: checking for the pthreads library -llthread
configure:21996: gcc -o conftest -fsigned-char -fno-strength-reduce -fwritable-strings -D_REENTRANT -DLINUX -D_GNU_SOURCE -DXLIB_ILLEGAL_ACCESS -DFONCTIONS2 -Wall -Wfloat-equal -Wwrite-strings -Wno-missing-braces -Wno-parentheses -Wno-unused -Wno-implicit-function-declaration -Wno-return-type -Wno-format -ggdb -D__USE_BSD -g3 -DPTHREADS -D_REENTRANT -D__gnu_linux__ -D__i386__    conftest.c -llthread  >&5
/usr/bin/ld: cannot find -llthread
collect2: ld returned 1 exit status
configure:22002: $? = 1
configure: failed program was:
| /* confdefs.h.  */
| #define PACKAGE_NAME "csoap"
| #define PACKAGE_TARNAME "csoap"
| #define PACKAGE_VERSION "1.1.0"
| #define PACKAGE_STRING "csoap 1.1.0"
| #define PACKAGE_BUGREPORT ""
| #define PACKAGE "csoap"
| #define VERSION "1.1.0"
| #define STDC_HEADERS 1
| #define HAVE_SYS_TYPES_H 1
| #define HAVE_SYS_STAT_H 1
| #define HAVE_STDLIB_H 1
| #define HAVE_STRING_H 1
| #define HAVE_MEMORY_H 1
| #define HAVE_STRINGS_H 1
| #define HAVE_INTTYPES_H 1
| #define HAVE_STDINT_H 1
| #define HAVE_UNISTD_H 1
| #define HAVE_DLFCN_H 1
| #define STDC_HEADERS 1
| #define TIME_WITH_SYS_TIME 1
| #define HAVE_ARPA_INET_H 1
| #define HAVE_FCNTL_H 1
| #define HAVE_INTTYPES_H 1
| #define HAVE_MALLOC_H 1
| #define HAVE_NETDB_H 1
| #define HAVE_NETINET_IN_H 1
| #define HAVE_STDINT_H 1
| #define HAVE_STDLIB_H 1
| #define HAVE_SIGNAL_H 1
| #define HAVE_PTHREAD_H 1
| #define HAVE_STRING_H 1
| #define HAVE_SYS_SOCKET_H 1
| #define HAVE_SYS_TIME_H 1
| #define HAVE_UNISTD_H 1
| #define HAVE_STDIO_H 1
| #define HAVE_STDARG_H 1
| #define HAVE_ERRNO_H 1
| #define HAVE_CTYPE_H 1
| #define HAVE_OPENSSL_RAND_H 1
| #define HAVE_OPENSSL_ERR_H 1
| #define RETSIGTYPE void
| #define HAVE_STDLIB_H 1
| #define HAVE_MALLOC 1
| #define HAVE_VPRINTF 1
| #define HAVE_STRFTIME 1
| #define HAVE_SYS_SELECT_H 1
| #define HAVE_SYS_SOCKET_H 1
| #define SELECT_TYPE_ARG1 int
| #define SELECT_TYPE_ARG234 (fd_set *)
| #define SELECT_TYPE_ARG5 (struct timeval *)
| #define HAVE_GETHOSTBYNAME 1
| #define HAVE_INET_NTOA 1
| #define HAVE_MEMMOVE 1
| #define HAVE_MEMSET 1
| #define HAVE_MKDIR 1
| #define HAVE_SELECT 1
| #define HAVE_SOCKET 1
| #define HAVE_STRCHR 1
| #define HAVE_STRDUP 1
| #define HAVE_STRNCASECMP 1
| #define HAVE_STRPBRK 1
| #define HAVE_STRSPN 1
| #define HAVE_STRSTR 1
| #define HAVE_STRTOL 1
| /* end confdefs.h.  */
| #include <pthread.h>
| int
| main ()
| {
| pthread_t th; pthread_join(th, 0);
|                      pthread_attr_init(0); pthread_cleanup_push(0, 0);
|                      pthread_create(0,0,0,0); pthread_cleanup_pop(0);
|   ;
|   return 0;
| }
configure:22038: result: no
configure:21903: checking whether pthreads work with -pthread
configure:21996: gcc -o conftest -fsigned-char -fno-strength-reduce -fwritable-strings -D_REENTRANT -DLINUX -D_GNU_SOURCE -DXLIB_ILLEGAL_ACCESS -DFONCTIONS2 -Wall -Wfloat-equal -Wwrite-strings -Wno-missing-braces -Wno-parentheses -Wno-unused -Wno-implicit-function-declaration -Wno-return-type -Wno-format -ggdb -D__USE_BSD -g3 -DPTHREADS -D_REENTRANT -D__gnu_linux__ -D__i386__ -pthread   conftest.c   >&5
configure:22002: $? = 0
configure:22009: test -z "$ac_c_werror_flag" || test ! -s conftest.err
configure:22012: $? = 0
configure:22019: test -s conftest
configure:22022: $? = 0
configure:22038: result: yes
configure:22057: checking for joinable pthread attribute
configure:22082: gcc -o conftest -fsigned-char -fno-strength-reduce -fwritable-strings -D_REENTRANT -DLINUX -D_GNU_SOURCE -DXLIB_ILLEGAL_ACCESS -DFONCTIONS2 -Wall -Wfloat-equal -Wwrite-strings -Wno-missing-braces -Wno-parentheses -Wno-unused -Wno-implicit-function-declaration -Wno-return-type -Wno-format -ggdb -D__USE_BSD -g3 -DPTHREADS -D_REENTRANT -D__gnu_linux__ -D__i386__ -pthread   conftest.c   >&5
configure:22088: $? = 0
configure:22095: test -z "$ac_c_werror_flag" || test ! -s conftest.err
configure:22098: $? = 0
configure:22105: test -s conftest
configure:22108: $? = 0
configure:22121: result: PTHREAD_CREATE_JOINABLE
configure:22131: checking if more special flags are required for pthreads
configure:22138: result: no
configure:22224: checking for localtime_r
configure:22280: gcc -o conftest -pthread -fsigned-char -fno-strength-reduce -fwritable-strings -D_REENTRANT -DLINUX -D_GNU_SOURCE -DXLIB_ILLEGAL_ACCESS -DFONCTIONS2 -Wall -Wfloat-equal -Wwrite-strings -Wno-missing-braces -Wno-parentheses -Wno-unused -Wno-implicit-function-declaration -Wno-return-type -Wno-format -ggdb -D__USE_BSD -g3 -DPTHREADS -D_REENTRANT -D__gnu_linux__ -D__i386__   conftest.c   >&5
configure:22286: $? = 0
configure:22293: test -z "$ac_c_werror_flag" || test ! -s conftest.err
configure:22296: $? = 0
configure:22303: test -s conftest
configure:22306: $? = 0
configure:22320: result: yes
configure:22224: checking for strtok_r
configure:22280: gcc -o conftest -pthread -fsigned-char -fno-strength-reduce -fwritable-strings -D_REENTRANT -DLINUX -D_GNU_SOURCE -DXLIB_ILLEGAL_ACCESS -DFONCTIONS2 -Wall -Wfloat-equal -Wwrite-strings -Wno-missing-braces -Wno-parentheses -Wno-unused -Wno-implicit-function-declaration -Wno-return-type -Wno-format -ggdb -D__USE_BSD -g3 -DPTHREADS -D_REENTRANT -D__gnu_linux__ -D__i386__   conftest.c   >&5
configure:22286: $? = 0
configure:22293: test -z "$ac_c_werror_flag" || test ! -s conftest.err
configure:22296: $? = 0
configure:22303: test -s conftest
configure:22306: $? = 0
configure:22320: result: yes
configure:22334: checking for socket in -lsocket
configure:22369: gcc -o conftest -pthread -fsigned-char -fno-strength-reduce -fwritable-strings -D_REENTRANT -DLINUX -D_GNU_SOURCE -DXLIB_ILLEGAL_ACCESS -DFONCTIONS2 -Wall -Wfloat-equal -Wwrite-strings -Wno-missing-braces -Wno-parentheses -Wno-unused -Wno-implicit-function-declaration -Wno-return-type -Wno-format -ggdb -D__USE_BSD -g3 -DPTHREADS -D_REENTRANT -D__gnu_linux__ -D__i386__   conftest.c -lsocket    >&5
/usr/bin/ld: cannot find -lsocket
collect2: ld returned 1 exit status
configure:22375: $? = 1
configure: failed program was:
| /* confdefs.h.  */
| #define PACKAGE_NAME "csoap"
| #define PACKAGE_TARNAME "csoap"
| #define PACKAGE_VERSION "1.1.0"
| #define PACKAGE_STRING "csoap 1.1.0"
| #define PACKAGE_BUGREPORT ""
| #define PACKAGE "csoap"
| #define VERSION "1.1.0"
| #define STDC_HEADERS 1
| #define HAVE_SYS_TYPES_H 1
| #define HAVE_SYS_STAT_H 1
| #define HAVE_STDLIB_H 1
| #define HAVE_STRING_H 1
| #define HAVE_MEMORY_H 1
| #define HAVE_STRINGS_H 1
| #define HAVE_INTTYPES_H 1
| #define HAVE_STDINT_H 1
| #define HAVE_UNISTD_H 1
| #define HAVE_DLFCN_H 1
| #define STDC_HEADERS 1
| #define TIME_WITH_SYS_TIME 1
| #define HAVE_ARPA_INET_H 1
| #define HAVE_FCNTL_H 1
| #define HAVE_INTTYPES_H 1
| #define HAVE_MALLOC_H 1
| #define HAVE_NETDB_H 1
| #define HAVE_NETINET_IN_H 1
| #define HAVE_STDINT_H 1
| #define HAVE_STDLIB_H 1
| #define HAVE_SIGNAL_H 1
| #define HAVE_PTHREAD_H 1
| #define HAVE_STRING_H 1
| #define HAVE_SYS_SOCKET_H 1
| #define HAVE_SYS_TIME_H 1
| #define HAVE_UNISTD_H 1
| #define HAVE_STDIO_H 1
| #define HAVE_STDARG_H 1
| #define HAVE_ERRNO_H 1
| #define HAVE_CTYPE_H 1
| #define HAVE_OPENSSL_RAND_H 1
| #define HAVE_OPENSSL_ERR_H 1
| #define RETSIGTYPE void
| #define HAVE_STDLIB_H 1
| #define HAVE_MALLOC 1
| #define HAVE_VPRINTF 1
| #define HAVE_STRFTIME 1
| #define HAVE_SYS_SELECT_H 1
| #define HAVE_SYS_SOCKET_H 1
| #define SELECT_TYPE_ARG1 int
| #define SELECT_TYPE_ARG234 (fd_set *)
| #define SELECT_TYPE_ARG5 (struct timeval *)
| #define HAVE_GETHOSTBYNAME 1
| #define HAVE_INET_NTOA 1
| #define HAVE_MEMMOVE 1
| #define HAVE_MEMSET 1
| #define HAVE_MKDIR 1
| #define HAVE_SELECT 1
| #define HAVE_SOCKET 1
| #define HAVE_STRCHR 1
| #define HAVE_STRDUP 1
| #define HAVE_STRNCASECMP 1
| #define HAVE_STRPBRK 1
| #define HAVE_STRSPN 1
| #define HAVE_STRSTR 1
| #define HAVE_STRTOL 1
| #define HAVE_LOCALTIME_R 1
| #define HAVE_STRTOK_R 1
| /* end confdefs.h.  */
| 
| /* Override any GCC internal prototype to avoid an error.
|    Use char because int might match the return type of a GCC
|    builtin and then its argument prototype would still apply.  */
| #ifdef __cplusplus
| extern "C"
| #endif
| char socket ();
| int
| main ()
| {
| return socket ();
|   ;
|   return 0;
| }
configure:22409: result: no
configure:22417: checking for inet_ntoa in -lnsl
configure:22452: gcc -o conftest -pthread -fsigned-char -fno-strength-reduce -fwritable-strings -D_REENTRANT -DLINUX -D_GNU_SOURCE -DXLIB_ILLEGAL_ACCESS -DFONCTIONS2 -Wall -Wfloat-equal -Wwrite-strings -Wno-missing-braces -Wno-parentheses -Wno-unused -Wno-implicit-function-declaration -Wno-return-type -Wno-format -ggdb -D__USE_BSD -g3 -DPTHREADS -D_REENTRANT -D__gnu_linux__ -D__i386__   conftest.c -lnsl    >&5
configure:22458: $? = 0
configure:22465: test -z "$ac_c_werror_flag" || test ! -s conftest.err
configure:22468: $? = 0
configure:22475: test -s conftest
configure:22478: $? = 0
configure:22492: result: yes
configure:22498: checking for gethostbyname in -lnsl
configure:22533: gcc -o conftest -pthread -fsigned-char -fno-strength-reduce -fwritable-strings -D_REENTRANT -DLINUX -D_GNU_SOURCE -DXLIB_ILLEGAL_ACCESS -DFONCTIONS2 -Wall -Wfloat-equal -Wwrite-strings -Wno-missing-braces -Wno-parentheses -Wno-unused -Wno-implicit-function-declaration -Wno-return-type -Wno-format -ggdb -D__USE_BSD -g3 -DPTHREADS -D_REENTRANT -D__gnu_linux__ -D__i386__   conftest.c -lnsl    >&5
configure:22539: $? = 0
configure:22546: test -z "$ac_c_werror_flag" || test ! -s conftest.err
configure:22549: $? = 0
configure:22556: test -s conftest
configure:22559: $? = 0
configure:22573: result: yes
configure:22621: checking for xml2-config
configure:22639: found /home2/lm/sam/secu/lib/bin/xml2-config
configure:22652: result: /home2/lm/sam/secu/lib/bin/xml2-config
configure:22661: checking for libxml - version >= 2.6.0
configure:22773: gcc -o conftest -pthread -fsigned-char -fno-strength-reduce -fwritable-strings -D_REENTRANT -DLINUX -D_GNU_SOURCE -DXLIB_ILLEGAL_ACCESS -DFONCTIONS2 -Wall -Wfloat-equal -Wwrite-strings -Wno-missing-braces -Wno-parentheses -Wno-unused -Wno-implicit-function-declaration -Wno-return-type -Wno-format -ggdb -D__USE_BSD -g3 -DPTHREADS -D_REENTRANT -D__gnu_linux__ -D__i386__  -I/home2/lm/sam/secu/lib/include/libxml2  conftest.c -L/home2/lm/sam/secu/lib/lib -lxml2 -lz -lpthread -lm   >&5
configure:22776: $? = 0
configure:22782: ./conftest
configure:22785: $? = 0
configure:22806: result: yes (version 2.6.27)
configure:22916: checking if ssl is wanted
configure:22957: result: no
configure:23087: creating ./config.status

## ---------------------- ##
## Running config.status. ##
## ---------------------- ##

This file was extended by csoap config.status 1.1.0, which was
generated by GNU Autoconf 2.59e.  Invocation command line was

  CONFIG_FILES    = 
  CONFIG_HEADERS  = 
  CONFIG_LINKS    = 
  CONFIG_COMMANDS = 
  $ ./config.status 

on tsbofid

config.status:669: creating Makefile
config.status:669: creating libcsoap/Makefile
config.status:669: creating nanohttp/Makefile
config.status:669: creating examples/Makefile
config.status:669: creating examples/nanohttp/Makefile
config.status:669: creating examples/csoap/Makefile
config.status:669: creating libcsoap.pc
config.status:669: creating csoap-config
config.status:669: creating config.h
config.status:945: config.h is unchanged
config.status:991: executing depfiles commands

## ---------------- ##
## Cache variables. ##
## ---------------- ##

ac_cv_build=i686-pc-linux-gnu
ac_cv_c_compiler_gnu=yes
ac_cv_c_const=yes
ac_cv_cxx_compiler_gnu=yes
ac_cv_env_CCC_set=
ac_cv_env_CCC_value=
ac_cv_env_CC_set=set
ac_cv_env_CC_value=gcc
ac_cv_env_CFLAGS_set=set
ac_cv_env_CFLAGS_value='-fsigned-char -fno-strength-reduce -fwritable-strings -D_REENTRANT -DLINUX -D_GNU_SOURCE -DXLIB_ILLEGAL_ACCESS -DFONCTIONS2 -Wall -Wfloat-equal -Wwrite-strings -Wno-missing-braces -Wno-parentheses -Wno-unused -Wno-implicit-function-declaration -Wno-return-type -Wno-format -ggdb -D__USE_BSD -g3 -DPTHREADS -D_REENTRANT -D__gnu_linux__ -D__i386__'
ac_cv_env_CPPFLAGS_set=
ac_cv_env_CPPFLAGS_value=
ac_cv_env_CPP_set=
ac_cv_env_CPP_value=
ac_cv_env_CXXCPP_set=
ac_cv_env_CXXCPP_value=
ac_cv_env_CXXFLAGS_set=
ac_cv_env_CXXFLAGS_value=
ac_cv_env_CXX_set=
ac_cv_env_CXX_value=
ac_cv_env_F77_set=
ac_cv_env_F77_value=
ac_cv_env_FFLAGS_set=
ac_cv_env_FFLAGS_value=
ac_cv_env_LDFLAGS_set=set
ac_cv_env_LDFLAGS_value=
ac_cv_env_build_alias_set=
ac_cv_env_build_alias_value=
ac_cv_env_host_alias_set=
ac_cv_env_host_alias_value=
ac_cv_env_target_alias_set=
ac_cv_env_target_alias_value=
ac_cv_f77_compiler_gnu=no
ac_cv_func__doprnt=no
ac_cv_func_gethostbyname=yes
ac_cv_func_inet_ntoa=yes
ac_cv_func_localtime_r=yes
ac_cv_func_malloc_0_nonnull=yes
ac_cv_func_memmove=yes
ac_cv_func_memset=yes
ac_cv_func_mkdir=yes
ac_cv_func_select=yes
ac_cv_func_select_args='int,fd_set *,struct timeval *'
ac_cv_func_socket=yes
ac_cv_func_strchr=yes
ac_cv_func_strdup=yes
ac_cv_func_strftime=yes
ac_cv_func_strncasecmp=yes
ac_cv_func_strpbrk=yes
ac_cv_func_strspn=yes
ac_cv_func_strstr=yes
ac_cv_func_strtok_r=yes
ac_cv_func_strtol=yes
ac_cv_func_vprintf=yes
ac_cv_header_arpa_inet_h=yes
ac_cv_header_ctype_h=yes
ac_cv_header_dlfcn_h=yes
ac_cv_header_errno_h=yes
ac_cv_header_fcntl_h=yes
ac_cv_header_inttypes_h=yes
ac_cv_header_io_h=no
ac_cv_header_malloc_h=yes
ac_cv_header_memory_h=yes
ac_cv_header_netdb_h=yes
ac_cv_header_netinet_in_h=yes
ac_cv_header_openssl_err_h=yes
ac_cv_header_openssl_rand_h=yes
ac_cv_header_pthread_h=yes
ac_cv_header_signal_h=yes
ac_cv_header_stdarg_h=yes
ac_cv_header_stdc=yes
ac_cv_header_stdint_h=yes
ac_cv_header_stdio_h=yes
ac_cv_header_stdlib_h=yes
ac_cv_header_string_h=yes
ac_cv_header_strings_h=yes
ac_cv_header_sys_select_h=yes
ac_cv_header_sys_socket_h=yes
ac_cv_header_sys_stat_h=yes
ac_cv_header_sys_time_h=yes
ac_cv_header_sys_types_h=yes
ac_cv_header_time=yes
ac_cv_header_unistd_h=yes
ac_cv_host=i686-pc-linux-gnu
ac_cv_lib_nsl_gethostbyname=yes
ac_cv_lib_nsl_inet_ntoa=yes
ac_cv_lib_socket_socket=no
ac_cv_objext=o
ac_cv_path_EGREP='/bin/grep -E'
ac_cv_path_GREP=/bin/grep
ac_cv_path_XML2_CONFIG=/home2/lm/sam/secu/lib/bin/xml2-config
ac_cv_path_install='/usr/bin/install -c'
ac_cv_prog_AWK=gawk
ac_cv_prog_CPP='gcc -E'
ac_cv_prog_CXXCPP='g++ -E'
ac_cv_prog_ac_ct_AR=ar
ac_cv_prog_ac_ct_CC=gcc
ac_cv_prog_ac_ct_CXX=g++
ac_cv_prog_ac_ct_RANLIB=ranlib
ac_cv_prog_ac_ct_STRIP=strip
ac_cv_prog_cc_c89=
ac_cv_prog_cc_g=yes
ac_cv_prog_cxx_g=yes
ac_cv_prog_f77_g=no
ac_cv_prog_make_make_set=yes
ac_cv_struct_tm=time.h
ac_cv_type_signal=void
ac_cv_type_size_t=yes
ac_cv_type_ssize_t=yes
am_cv_CC_dependencies_compiler_type=gcc3
am_cv_CXX_dependencies_compiler_type=gcc3
lt_cv_deplibs_check_method=pass_all
lt_cv_file_magic_cmd='$MAGIC_CMD'
lt_cv_file_magic_test_file=
lt_cv_ld_reload_flag=-r
lt_cv_objdir=.libs
lt_cv_path_LD=/usr/bin/ld
lt_cv_path_LDCXX=/usr/bin/ld
lt_cv_path_NM='/usr/bin/nm -B'
lt_cv_path_SED=/bin/sed
lt_cv_prog_compiler_c_o=yes
lt_cv_prog_compiler_c_o_CXX=yes
lt_cv_prog_compiler_rtti_exceptions=yes
lt_cv_prog_gnu_ld=yes
lt_cv_prog_gnu_ldcxx=yes
lt_cv_sys_global_symbol_pipe='sed -n -e '\''s/^.*[ 	]\([ABCDGIRSTW][ABCDGIRSTW]*\)[ 	][ 	]*\([_A-Za-z][_A-Za-z0-9]*\)$/\1 \2 \2/p'\'''
lt_cv_sys_global_symbol_to_c_name_address='sed -n -e '\''s/^: \([^ ]*\) $/  {\"\1\", (lt_ptr) 0},/p'\'' -e '\''s/^[BCDEGRST] \([^ ]*\) \([^ ]*\)$/  {"\2", (lt_ptr) \&\2},/p'\'''
lt_cv_sys_global_symbol_to_cdecl='sed -n -e '\''s/^. .* \(.*\)$/extern int \1;/p'\'''
lt_cv_sys_max_cmd_len=32768
lt_lt_cv_prog_compiler_c_o='"yes"'
lt_lt_cv_prog_compiler_c_o_CXX='"yes"'
lt_lt_cv_sys_global_symbol_pipe='"sed -n -e '\''s/^.*[ 	]\\([ABCDGIRSTW][ABCDGIRSTW]*\\)[ 	][ 	]*\\([_A-Za-z][_A-Za-z0-9]*\\)\$/\\1 \\2 \\2/p'\''"'
lt_lt_cv_sys_global_symbol_to_c_name_address='"sed -n -e '\''s/^: \\([^ ]*\\) \$/  {\\\"\\1\\\", (lt_ptr) 0},/p'\'' -e '\''s/^[BCDEGRST] \\([^ ]*\\) \\([^ ]*\\)\$/  {\"\\2\", (lt_ptr) \\&\\2},/p'\''"'
lt_lt_cv_sys_global_symbol_to_cdecl='"sed -n -e '\''s/^. .* \\(.*\\)\$/extern int \\1;/p'\''"'

## ----------------- ##
## Output variables. ##
## ----------------- ##

ACLOCAL='${SHELL} /home2/lm/sam/secu/libsoap-1.1.0/missing --run aclocal-1.9'
AMDEPBACKSLASH='\'
AMDEP_FALSE='#'
AMDEP_TRUE=''
AMTAR='${SHELL} /home2/lm/sam/secu/libsoap-1.1.0/missing --run tar'
AR='ar'
AUTOCONF='${SHELL} /home2/lm/sam/secu/libsoap-1.1.0/missing --run autoconf'
AUTOHEADER='${SHELL} /home2/lm/sam/secu/libsoap-1.1.0/missing --run autoheader'
AUTOMAKE='${SHELL} /home2/lm/sam/secu/libsoap-1.1.0/missing --run automake-1.9'
AWK='gawk'
CC='gcc'
CCDEPMODE='depmode=gcc3'
CFLAGS='-pthread -fsigned-char -fno-strength-reduce -fwritable-strings -D_REENTRANT -DLINUX -D_GNU_SOURCE -DXLIB_ILLEGAL_ACCESS -DFONCTIONS2 -Wall -Wfloat-equal -Wwrite-strings -Wno-missing-braces -Wno-parentheses -Wno-unused -Wno-implicit-function-declaration -Wno-return-type -Wno-format -ggdb -D__USE_BSD -g3 -DPTHREADS -D_REENTRANT -D__gnu_linux__ -D__i386__ -I/home2/lm/sam/secu/lib/include/libxml2'
CPP='gcc -E'
CPPFLAGS=''
CXX='g++'
CXXCPP='g++ -E'
CXXDEPMODE='depmode=gcc3'
CXXFLAGS='-g -O2'
CYGPATH_W='echo'
DEFS='-DHAVE_CONFIG_H'
DEPDIR='.deps'
ECHO='echo'
ECHO_C=''
ECHO_N='-n'
ECHO_T=''
EGREP='/bin/grep -E'
EXEEXT=''
F77=''
FFLAGS=''
GREP='/bin/grep'
INSTALL_DATA='${INSTALL} -m 644'
INSTALL_PROGRAM='${INSTALL}'
INSTALL_SCRIPT='${INSTALL}'
INSTALL_STRIP_PROGRAM='${SHELL} $(install_sh) -c -s'
LDFLAGS=' -L/home2/lm/sam/secu/lib/lib -lxml2 -lz -lpthread -lm'
LIBNSL='-lnsl'
LIBOBJS=''
LIBS=' '
LIBSOCKET=''
LIBTOOL='$(SHELL) $(top_builddir)/libtool'
LN_S='ln -s'
LTLIBOBJS=''
MAKEINFO='${SHELL} /home2/lm/sam/secu/libsoap-1.1.0/missing --run makeinfo'
OBJEXT='o'
PACKAGE='csoap'
PACKAGE_BUGREPORT=''
PACKAGE_NAME='csoap'
PACKAGE_STRING='csoap 1.1.0'
PACKAGE_TARNAME='csoap'
PACKAGE_VERSION='1.1.0'
PATH_SEPARATOR=':'
PTHREAD_CC='gcc'
PTHREAD_CFLAGS='-pthread'
PTHREAD_LIBS=''
RANLIB='ranlib'
SET_MAKE=''
SHELL='/bin/sh'
STRIP='strip'
VERSION='1.1.0'
XML2_CONFIG='/home2/lm/sam/secu/lib/bin/xml2-config'
XML_CPPFLAGS='-I/home2/lm/sam/secu/lib/include/libxml2'
XML_LIBS='-L/home2/lm/sam/secu/lib/lib -lxml2 -lz -lpthread -lm'
ac_ct_CC='gcc'
ac_ct_CXX='g++'
ac_ct_F77=''
acx_pthread_config=''
am__fastdepCC_FALSE='#'
am__fastdepCC_TRUE=''
am__fastdepCXX_FALSE='#'
am__fastdepCXX_TRUE=''
am__include='include'
am__leading_dot='.'
am__quote=''
am__tar='${AMTAR} chof - "$$tardir"'
am__untar='${AMTAR} xf -'
bindir='${exec_prefix}/bin'
build='i686-pc-linux-gnu'
build_alias=''
build_cpu='i686'
build_os='linux-gnu'
build_vendor='pc'
csoap_major='1'
csoap_minor='1'
csoap_patch='0'
csoap_release='1.1'
csoap_version='2:0:1'
datadir='${datarootdir}'
datarootdir='${prefix}/share'
docdir='${datarootdir}/doc/${PACKAGE_TARNAME}'
dvidir='${docdir}'
exec_prefix='${prefix}'
host='i686-pc-linux-gnu'
host_alias=''
host_cpu='i686'
host_os='linux-gnu'
host_vendor='pc'
htmldir='${docdir}'
includedir='${prefix}/include'
infodir='${datarootdir}/info'
install_sh='/home2/lm/sam/secu/libsoap-1.1.0/install-sh'
libdir='${exec_prefix}/lib'
libexecdir='${exec_prefix}/libexec'
localedir='${datarootdir}/locale'
localstatedir='${prefix}/var'
mandir='${datarootdir}/man'
mkdir_p='mkdir -p --'
nanohttp_release='1.1'
nanohttp_version='2:0:1'
oldincludedir='/usr/include'
pdfdir='${docdir}'
prefix='/home2/lm/sam/secu/lib'
program_transform_name='s,x,x,'
psdir='${docdir}'
sbindir='${exec_prefix}/sbin'
sharedstatedir='${prefix}/com'
sysconfdir='${prefix}/etc'
target_alias=''

## ----------- ##
## confdefs.h. ##
## ----------- ##

#define PACKAGE_NAME "csoap"
#define PACKAGE_TARNAME "csoap"
#define PACKAGE_VERSION "1.1.0"
#define PACKAGE_STRING "csoap 1.1.0"
#define PACKAGE_BUGREPORT ""
#define PACKAGE "csoap"
#define VERSION "1.1.0"
#define STDC_HEADERS 1
#define HAVE_SYS_TYPES_H 1
#define HAVE_SYS_STAT_H 1
#define HAVE_STDLIB_H 1
#define HAVE_STRING_H 1
#define HAVE_MEMORY_H 1
#define HAVE_STRINGS_H 1
#define HAVE_INTTYPES_H 1
#define HAVE_STDINT_H 1
#define HAVE_UNISTD_H 1
#define HAVE_DLFCN_H 1
#define STDC_HEADERS 1
#define TIME_WITH_SYS_TIME 1
#define HAVE_ARPA_INET_H 1
#define HAVE_FCNTL_H 1
#define HAVE_INTTYPES_H 1
#define HAVE_MALLOC_H 1
#define HAVE_NETDB_H 1
#define HAVE_NETINET_IN_H 1
#define HAVE_STDINT_H 1
#define HAVE_STDLIB_H 1
#define HAVE_SIGNAL_H 1
#define HAVE_PTHREAD_H 1
#define HAVE_STRING_H 1
#define HAVE_SYS_SOCKET_H 1
#define HAVE_SYS_TIME_H 1
#define HAVE_UNISTD_H 1
#define HAVE_STDIO_H 1
#define HAVE_STDARG_H 1
#define HAVE_ERRNO_H 1
#define HAVE_CTYPE_H 1
#define HAVE_OPENSSL_RAND_H 1
#define HAVE_OPENSSL_ERR_H 1
#define RETSIGTYPE void
#define HAVE_STDLIB_H 1
#define HAVE_MALLOC 1
#define HAVE_VPRINTF 1
#define HAVE_STRFTIME 1
#define HAVE_SYS_SELECT_H 1
#define HAVE_SYS_SOCKET_H 1
#define SELECT_TYPE_ARG1 int
#define SELECT_TYPE_ARG234 (fd_set *)
#define SELECT_TYPE_ARG5 (struct timeval *)
#define HAVE_GETHOSTBYNAME 1
#define HAVE_INET_NTOA 1
#define HAVE_MEMMOVE 1
#define HAVE_MEMSET 1
#define HAVE_MKDIR 1
#define HAVE_SELECT 1
#define HAVE_SOCKET 1
#define HAVE_STRCHR 1
#define HAVE_STRDUP 1
#define HAVE_STRNCASECMP 1
#define HAVE_STRPBRK 1
#define HAVE_STRSPN 1
#define HAVE_STRSTR 1
#define HAVE_STRTOL 1
#define HAVE_LOCALTIME_R 1
#define HAVE_STRTOK_R 1

configure: exit 0
